<?xml version="1.0" encoding="UTF-8"?>
<testng-results skipped="0" failed="4" total="11" passed="7">
  <reporter-output>
  </reporter-output>
  <suite name="Default suite" duration-ms="163952" started-at="2013-12-17T12:51:46Z" finished-at="2013-12-17T12:54:30Z">
    <groups>
    </groups>
    <test name="Default test" duration-ms="163952" started-at="2013-12-17T12:51:46Z" finished-at="2013-12-17T12:54:30Z">
      <class name="com.exigen.shegula.tests.DSTestProfile">
        <test-method status="PASS" signature="launchBrowser(java.lang.String)[pri:0, instance:com.exigen.shegula.tests.DSTestProfile@3275323c]" name="launchBrowser" is-config="true" duration-ms="12164" started-at="2013-12-17T14:51:46Z" finished-at="2013-12-17T14:51:58Z">
          <params>
            <param index="0">
              <value>
                <![CDATA[FF]]>
              </value>
            </param>
          </params>
          <reporter-output>
          </reporter-output>
        </test-method> <!-- launchBrowser -->
        <test-method status="PASS" signature="testAuthentication()[pri:0, instance:com.exigen.shegula.tests.DSTestProfile@3275323c]" name="testAuthentication" duration-ms="3766" started-at="2013-12-17T14:51:58Z" finished-at="2013-12-17T14:52:02Z">
          <reporter-output>
          </reporter-output>
        </test-method> <!-- testAuthentication -->
        <test-method status="PASS" signature="tearDown()[pri:0, instance:com.exigen.shegula.tests.DSTestProfile@3275323c]" name="tearDown" is-config="true" duration-ms="600" started-at="2013-12-17T14:52:02Z" finished-at="2013-12-17T14:52:03Z">
          <reporter-output>
          </reporter-output>
        </test-method> <!-- tearDown -->
        <test-method status="PASS" signature="launchBrowser(java.lang.String)[pri:0, instance:com.exigen.shegula.tests.DSTestProfile@3275323c]" name="launchBrowser" is-config="true" duration-ms="9323" started-at="2013-12-17T14:52:03Z" finished-at="2013-12-17T14:52:12Z">
          <params>
            <param index="0">
              <value>
                <![CDATA[FF]]>
              </value>
            </param>
          </params>
          <reporter-output>
          </reporter-output>
        </test-method> <!-- launchBrowser -->
        <test-method status="FAIL" signature="testCheckWrapper()[pri:0, instance:com.exigen.shegula.tests.DSTestProfile@3275323c]" name="testCheckWrapper" duration-ms="3623" started-at="2013-12-17T14:52:12Z" finished-at="2013-12-17T14:52:16Z">
          <exception class="java.lang.AssertionError">
            <message>
              <![CDATA[expected [(292, 662)] but found [(475, 994)]]]>
            </message>
            <full-stacktrace>
              <![CDATA[java.lang.AssertionError: expected [(292, 662)] but found [(475, 994)]
	at org.testng.Assert.fail(Assert.java:94)
	at org.testng.Assert.failNotEquals(Assert.java:494)
	at org.testng.Assert.assertEquals(Assert.java:123)
	at org.testng.Assert.assertEquals(Assert.java:176)
	at org.testng.Assert.assertEquals(Assert.java:186)
	at com.exigen.shegula.tests.DSTestProfile.testCheckWrapper(DSTestProfile.java:118)
	at sun.reflect.NativeMethodAccessorImpl.invoke0(Native Method)
	at sun.reflect.NativeMethodAccessorImpl.invoke(Unknown Source)
	at sun.reflect.DelegatingMethodAccessorImpl.invoke(Unknown Source)
	at java.lang.reflect.Method.invoke(Unknown Source)
	at org.testng.internal.MethodInvocationHelper.invokeMethod(MethodInvocationHelper.java:84)
	at org.testng.internal.Invoker.invokeMethod(Invoker.java:714)
	at org.testng.internal.Invoker.invokeTestMethod(Invoker.java:901)
	at org.testng.internal.Invoker.invokeTestMethods(Invoker.java:1231)
	at org.testng.internal.TestMethodWorker.invokeTestMethods(TestMethodWorker.java:127)
	at org.testng.internal.TestMethodWorker.run(TestMethodWorker.java:111)
	at org.testng.TestRunner.privateRun(TestRunner.java:767)
	at org.testng.TestRunner.run(TestRunner.java:617)
	at org.testng.SuiteRunner.runTest(SuiteRunner.java:334)
	at org.testng.SuiteRunner.runSequentially(SuiteRunner.java:329)
	at org.testng.SuiteRunner.privateRun(SuiteRunner.java:291)
	at org.testng.SuiteRunner.run(SuiteRunner.java:240)
	at org.testng.SuiteRunnerWorker.runSuite(SuiteRunnerWorker.java:52)
	at org.testng.SuiteRunnerWorker.run(SuiteRunnerWorker.java:86)
	at org.testng.TestNG.runSuitesSequentially(TestNG.java:1224)
	at org.testng.TestNG.runSuitesLocally(TestNG.java:1149)
	at org.testng.TestNG.run(TestNG.java:1057)
	at org.testng.remote.RemoteTestNG.run(RemoteTestNG.java:111)
	at org.testng.remote.RemoteTestNG.initAndRun(RemoteTestNG.java:204)
	at org.testng.remote.RemoteTestNG.main(RemoteTestNG.java:175)
]]>
            </full-stacktrace>
          </exception> <!-- java.lang.AssertionError -->
          <reporter-output>
          </reporter-output>
        </test-method> <!-- testCheckWrapper -->
        <test-method status="PASS" signature="tearDown()[pri:0, instance:com.exigen.shegula.tests.DSTestProfile@3275323c]" name="tearDown" is-config="true" duration-ms="610" started-at="2013-12-17T14:52:16Z" finished-at="2013-12-17T14:52:16Z">
          <reporter-output>
          </reporter-output>
        </test-method> <!-- tearDown -->
        <test-method status="PASS" signature="launchBrowser(java.lang.String)[pri:0, instance:com.exigen.shegula.tests.DSTestProfile@3275323c]" name="launchBrowser" is-config="true" duration-ms="7975" started-at="2013-12-17T14:52:16Z" finished-at="2013-12-17T14:52:24Z">
          <params>
            <param index="0">
              <value>
                <![CDATA[FF]]>
              </value>
            </param>
          </params>
          <reporter-output>
          </reporter-output>
        </test-method> <!-- launchBrowser -->
        <test-method status="FAIL" signature="testCheckWrapperDirector()[pri:0, instance:com.exigen.shegula.tests.DSTestProfile@3275323c]" name="testCheckWrapperDirector" duration-ms="4116" started-at="2013-12-17T14:52:24Z" finished-at="2013-12-17T14:52:28Z">
          <exception class="java.lang.AssertionError">
            <message>
              <![CDATA[expected [false] but found [true]]]>
            </message>
            <full-stacktrace>
              <![CDATA[java.lang.AssertionError: expected [false] but found [true]
	at org.testng.Assert.fail(Assert.java:94)
	at org.testng.Assert.failNotEquals(Assert.java:494)
	at org.testng.Assert.assertFalse(Assert.java:63)
	at org.testng.Assert.assertFalse(Assert.java:73)
	at com.exigen.shegula.tests.DSTestProfile.testCheckWrapperDirector(DSTestProfile.java:138)
	at sun.reflect.NativeMethodAccessorImpl.invoke0(Native Method)
	at sun.reflect.NativeMethodAccessorImpl.invoke(Unknown Source)
	at sun.reflect.DelegatingMethodAccessorImpl.invoke(Unknown Source)
	at java.lang.reflect.Method.invoke(Unknown Source)
	at org.testng.internal.MethodInvocationHelper.invokeMethod(MethodInvocationHelper.java:84)
	at org.testng.internal.Invoker.invokeMethod(Invoker.java:714)
	at org.testng.internal.Invoker.invokeTestMethod(Invoker.java:901)
	at org.testng.internal.Invoker.invokeTestMethods(Invoker.java:1231)
	at org.testng.internal.TestMethodWorker.invokeTestMethods(TestMethodWorker.java:127)
	at org.testng.internal.TestMethodWorker.run(TestMethodWorker.java:111)
	at org.testng.TestRunner.privateRun(TestRunner.java:767)
	at org.testng.TestRunner.run(TestRunner.java:617)
	at org.testng.SuiteRunner.runTest(SuiteRunner.java:334)
	at org.testng.SuiteRunner.runSequentially(SuiteRunner.java:329)
	at org.testng.SuiteRunner.privateRun(SuiteRunner.java:291)
	at org.testng.SuiteRunner.run(SuiteRunner.java:240)
	at org.testng.SuiteRunnerWorker.runSuite(SuiteRunnerWorker.java:52)
	at org.testng.SuiteRunnerWorker.run(SuiteRunnerWorker.java:86)
	at org.testng.TestNG.runSuitesSequentially(TestNG.java:1224)
	at org.testng.TestNG.runSuitesLocally(TestNG.java:1149)
	at org.testng.TestNG.run(TestNG.java:1057)
	at org.testng.remote.RemoteTestNG.run(RemoteTestNG.java:111)
	at org.testng.remote.RemoteTestNG.initAndRun(RemoteTestNG.java:204)
	at org.testng.remote.RemoteTestNG.main(RemoteTestNG.java:175)
]]>
            </full-stacktrace>
          </exception> <!-- java.lang.AssertionError -->
          <reporter-output>
          </reporter-output>
        </test-method> <!-- testCheckWrapperDirector -->
        <test-method status="PASS" signature="tearDown()[pri:0, instance:com.exigen.shegula.tests.DSTestProfile@3275323c]" name="tearDown" is-config="true" duration-ms="780" started-at="2013-12-17T14:52:28Z" finished-at="2013-12-17T14:52:29Z">
          <reporter-output>
          </reporter-output>
        </test-method> <!-- tearDown -->
        <test-method status="PASS" signature="launchBrowser(java.lang.String)[pri:0, instance:com.exigen.shegula.tests.DSTestProfile@3275323c]" name="launchBrowser" is-config="true" duration-ms="8870" started-at="2013-12-17T14:52:29Z" finished-at="2013-12-17T14:52:38Z">
          <params>
            <param index="0">
              <value>
                <![CDATA[FF]]>
              </value>
            </param>
          </params>
          <reporter-output>
          </reporter-output>
        </test-method> <!-- launchBrowser -->
        <test-method status="FAIL" signature="testCheckWrapperEditDSPage()[pri:0, instance:com.exigen.shegula.tests.DSTestProfile@3275323c]" name="testCheckWrapperEditDSPage" duration-ms="5002" started-at="2013-12-17T14:52:38Z" finished-at="2013-12-17T14:52:43Z">
          <exception class="java.lang.AssertionError">
            <message>
              <![CDATA[expected [(283, 727)] but found [(484, 739)]]]>
            </message>
            <full-stacktrace>
              <![CDATA[java.lang.AssertionError: expected [(283, 727)] but found [(484, 739)]
	at org.testng.Assert.fail(Assert.java:94)
	at org.testng.Assert.failNotEquals(Assert.java:494)
	at org.testng.Assert.assertEquals(Assert.java:123)
	at org.testng.Assert.assertEquals(Assert.java:176)
	at org.testng.Assert.assertEquals(Assert.java:186)
	at com.exigen.shegula.tests.DSTestProfile.testCheckWrapperEditDSPage(DSTestProfile.java:175)
	at sun.reflect.NativeMethodAccessorImpl.invoke0(Native Method)
	at sun.reflect.NativeMethodAccessorImpl.invoke(Unknown Source)
	at sun.reflect.DelegatingMethodAccessorImpl.invoke(Unknown Source)
	at java.lang.reflect.Method.invoke(Unknown Source)
	at org.testng.internal.MethodInvocationHelper.invokeMethod(MethodInvocationHelper.java:84)
	at org.testng.internal.Invoker.invokeMethod(Invoker.java:714)
	at org.testng.internal.Invoker.invokeTestMethod(Invoker.java:901)
	at org.testng.internal.Invoker.invokeTestMethods(Invoker.java:1231)
	at org.testng.internal.TestMethodWorker.invokeTestMethods(TestMethodWorker.java:127)
	at org.testng.internal.TestMethodWorker.run(TestMethodWorker.java:111)
	at org.testng.TestRunner.privateRun(TestRunner.java:767)
	at org.testng.TestRunner.run(TestRunner.java:617)
	at org.testng.SuiteRunner.runTest(SuiteRunner.java:334)
	at org.testng.SuiteRunner.runSequentially(SuiteRunner.java:329)
	at org.testng.SuiteRunner.privateRun(SuiteRunner.java:291)
	at org.testng.SuiteRunner.run(SuiteRunner.java:240)
	at org.testng.SuiteRunnerWorker.runSuite(SuiteRunnerWorker.java:52)
	at org.testng.SuiteRunnerWorker.run(SuiteRunnerWorker.java:86)
	at org.testng.TestNG.runSuitesSequentially(TestNG.java:1224)
	at org.testng.TestNG.runSuitesLocally(TestNG.java:1149)
	at org.testng.TestNG.run(TestNG.java:1057)
	at org.testng.remote.RemoteTestNG.run(RemoteTestNG.java:111)
	at org.testng.remote.RemoteTestNG.initAndRun(RemoteTestNG.java:204)
	at org.testng.remote.RemoteTestNG.main(RemoteTestNG.java:175)
]]>
            </full-stacktrace>
          </exception> <!-- java.lang.AssertionError -->
          <reporter-output>
          </reporter-output>
        </test-method> <!-- testCheckWrapperEditDSPage -->
        <test-method status="PASS" signature="tearDown()[pri:0, instance:com.exigen.shegula.tests.DSTestProfile@3275323c]" name="tearDown" is-config="true" duration-ms="802" started-at="2013-12-17T14:52:43Z" finished-at="2013-12-17T14:52:44Z">
          <reporter-output>
          </reporter-output>
        </test-method> <!-- tearDown -->
        <test-method status="PASS" signature="launchBrowser(java.lang.String)[pri:0, instance:com.exigen.shegula.tests.DSTestProfile@3275323c]" name="launchBrowser" is-config="true" duration-ms="9498" started-at="2013-12-17T14:52:44Z" finished-at="2013-12-17T14:52:53Z">
          <params>
            <param index="0">
              <value>
                <![CDATA[FF]]>
              </value>
            </param>
          </params>
          <reporter-output>
          </reporter-output>
        </test-method> <!-- launchBrowser -->
        <test-method status="FAIL" signature="testCheckWrapperGuestPage()[pri:0, instance:com.exigen.shegula.tests.DSTestProfile@3275323c]" name="testCheckWrapperGuestPage" duration-ms="4139" started-at="2013-12-17T14:52:53Z" finished-at="2013-12-17T14:52:57Z">
          <exception class="java.lang.AssertionError">
            <message>
              <![CDATA[expected [(292, 662)] but found [(475, 982)]]]>
            </message>
            <full-stacktrace>
              <![CDATA[java.lang.AssertionError: expected [(292, 662)] but found [(475, 982)]
	at org.testng.Assert.fail(Assert.java:94)
	at org.testng.Assert.failNotEquals(Assert.java:494)
	at org.testng.Assert.assertEquals(Assert.java:123)
	at org.testng.Assert.assertEquals(Assert.java:176)
	at org.testng.Assert.assertEquals(Assert.java:186)
	at com.exigen.shegula.tests.DSTestProfile.testCheckWrapperGuestPage(DSTestProfile.java:157)
	at sun.reflect.NativeMethodAccessorImpl.invoke0(Native Method)
	at sun.reflect.NativeMethodAccessorImpl.invoke(Unknown Source)
	at sun.reflect.DelegatingMethodAccessorImpl.invoke(Unknown Source)
	at java.lang.reflect.Method.invoke(Unknown Source)
	at org.testng.internal.MethodInvocationHelper.invokeMethod(MethodInvocationHelper.java:84)
	at org.testng.internal.Invoker.invokeMethod(Invoker.java:714)
	at org.testng.internal.Invoker.invokeTestMethod(Invoker.java:901)
	at org.testng.internal.Invoker.invokeTestMethods(Invoker.java:1231)
	at org.testng.internal.TestMethodWorker.invokeTestMethods(TestMethodWorker.java:127)
	at org.testng.internal.TestMethodWorker.run(TestMethodWorker.java:111)
	at org.testng.TestRunner.privateRun(TestRunner.java:767)
	at org.testng.TestRunner.run(TestRunner.java:617)
	at org.testng.SuiteRunner.runTest(SuiteRunner.java:334)
	at org.testng.SuiteRunner.runSequentially(SuiteRunner.java:329)
	at org.testng.SuiteRunner.privateRun(SuiteRunner.java:291)
	at org.testng.SuiteRunner.run(SuiteRunner.java:240)
	at org.testng.SuiteRunnerWorker.runSuite(SuiteRunnerWorker.java:52)
	at org.testng.SuiteRunnerWorker.run(SuiteRunnerWorker.java:86)
	at org.testng.TestNG.runSuitesSequentially(TestNG.java:1224)
	at org.testng.TestNG.runSuitesLocally(TestNG.java:1149)
	at org.testng.TestNG.run(TestNG.java:1057)
	at org.testng.remote.RemoteTestNG.run(RemoteTestNG.java:111)
	at org.testng.remote.RemoteTestNG.initAndRun(RemoteTestNG.java:204)
	at org.testng.remote.RemoteTestNG.main(RemoteTestNG.java:175)
]]>
            </full-stacktrace>
          </exception> <!-- java.lang.AssertionError -->
          <reporter-output>
          </reporter-output>
        </test-method> <!-- testCheckWrapperGuestPage -->
        <test-method status="PASS" signature="tearDown()[pri:0, instance:com.exigen.shegula.tests.DSTestProfile@3275323c]" name="tearDown" is-config="true" duration-ms="832" started-at="2013-12-17T14:52:57Z" finished-at="2013-12-17T14:52:58Z">
          <reporter-output>
          </reporter-output>
        </test-method> <!-- tearDown -->
        <test-method status="PASS" signature="launchBrowser(java.lang.String)[pri:0, instance:com.exigen.shegula.tests.DSTestProfile@3275323c]" name="launchBrowser" is-config="true" duration-ms="8132" started-at="2013-12-17T14:52:58Z" finished-at="2013-12-17T14:53:06Z">
          <params>
            <param index="0">
              <value>
                <![CDATA[FF]]>
              </value>
            </param>
          </params>
          <reporter-output>
          </reporter-output>
        </test-method> <!-- launchBrowser -->
        <test-method status="PASS" signature="testFillScheduleCorrect()[pri:0, instance:com.exigen.shegula.tests.DSTestProfile@3275323c]" name="testFillScheduleCorrect" duration-ms="5498" started-at="2013-12-17T14:53:06Z" finished-at="2013-12-17T14:53:12Z">
          <reporter-output>
          </reporter-output>
        </test-method> <!-- testFillScheduleCorrect -->
        <test-method status="PASS" signature="tearDown()[pri:0, instance:com.exigen.shegula.tests.DSTestProfile@3275323c]" name="tearDown" is-config="true" duration-ms="716" started-at="2013-12-17T14:53:12Z" finished-at="2013-12-17T14:53:13Z">
          <reporter-output>
          </reporter-output>
        </test-method> <!-- tearDown -->
        <test-method status="PASS" signature="launchBrowser(java.lang.String)[pri:0, instance:com.exigen.shegula.tests.DSTestProfile@3275323c]" name="launchBrowser" is-config="true" duration-ms="8688" started-at="2013-12-17T14:53:13Z" finished-at="2013-12-17T14:53:21Z">
          <params>
            <param index="0">
              <value>
                <![CDATA[FF]]>
              </value>
            </param>
          </params>
          <reporter-output>
          </reporter-output>
        </test-method> <!-- launchBrowser -->
        <test-method status="PASS" signature="testHeader()[pri:0, instance:com.exigen.shegula.tests.DSTestProfile@3275323c]" name="testHeader" duration-ms="3321" started-at="2013-12-17T14:53:21Z" finished-at="2013-12-17T14:53:25Z">
          <reporter-output>
          </reporter-output>
        </test-method> <!-- testHeader -->
        <test-method status="PASS" signature="tearDown()[pri:0, instance:com.exigen.shegula.tests.DSTestProfile@3275323c]" name="tearDown" is-config="true" duration-ms="572" started-at="2013-12-17T14:53:25Z" finished-at="2013-12-17T14:53:25Z">
          <reporter-output>
          </reporter-output>
        </test-method> <!-- tearDown -->
        <test-method status="PASS" signature="launchBrowser(java.lang.String)[pri:0, instance:com.exigen.shegula.tests.DSTestProfile@3275323c]" name="launchBrowser" is-config="true" duration-ms="8251" started-at="2013-12-17T14:53:25Z" finished-at="2013-12-17T14:53:33Z">
          <params>
            <param index="0">
              <value>
                <![CDATA[FF]]>
              </value>
            </param>
          </params>
          <reporter-output>
          </reporter-output>
        </test-method> <!-- launchBrowser -->
        <test-method status="PASS" signature="testMainMenuClick()[pri:0, instance:com.exigen.shegula.tests.DSTestProfile@3275323c]" name="testMainMenuClick" duration-ms="6765" started-at="2013-12-17T14:53:33Z" finished-at="2013-12-17T14:53:40Z">
          <reporter-output>
          </reporter-output>
        </test-method> <!-- testMainMenuClick -->
        <test-method status="PASS" signature="tearDown()[pri:0, instance:com.exigen.shegula.tests.DSTestProfile@3275323c]" name="tearDown" is-config="true" duration-ms="841" started-at="2013-12-17T14:53:40Z" finished-at="2013-12-17T14:53:41Z">
          <reporter-output>
          </reporter-output>
        </test-method> <!-- tearDown -->
        <test-method status="PASS" signature="launchBrowser(java.lang.String)[pri:0, instance:com.exigen.shegula.tests.DSTestProfile@3275323c]" name="launchBrowser" is-config="true" duration-ms="8990" started-at="2013-12-17T14:53:41Z" finished-at="2013-12-17T14:53:50Z">
          <params>
            <param index="0">
              <value>
                <![CDATA[FF]]>
              </value>
            </param>
          </params>
          <reporter-output>
          </reporter-output>
        </test-method> <!-- launchBrowser -->
        <test-method status="PASS" signature="testSaveSchedule()[pri:0, instance:com.exigen.shegula.tests.DSTestProfile@3275323c]" name="testSaveSchedule" duration-ms="6238" started-at="2013-12-17T14:53:50Z" finished-at="2013-12-17T14:53:56Z">
          <reporter-output>
          </reporter-output>
        </test-method> <!-- testSaveSchedule -->
        <test-method status="PASS" signature="tearDown()[pri:0, instance:com.exigen.shegula.tests.DSTestProfile@3275323c]" name="tearDown" is-config="true" duration-ms="783" started-at="2013-12-17T14:53:56Z" finished-at="2013-12-17T14:53:57Z">
          <reporter-output>
          </reporter-output>
        </test-method> <!-- tearDown -->
        <test-method status="PASS" signature="launchBrowser(java.lang.String)[pri:0, instance:com.exigen.shegula.tests.DSTestProfile@3275323c]" name="launchBrowser" is-config="true" duration-ms="9886" started-at="2013-12-17T14:53:57Z" finished-at="2013-12-17T14:54:07Z">
          <params>
            <param index="0">
              <value>
                <![CDATA[FF]]>
              </value>
            </param>
          </params>
          <reporter-output>
          </reporter-output>
        </test-method> <!-- launchBrowser -->
        <test-method status="PASS" signature="testSetProfilePositiv()[pri:0, instance:com.exigen.shegula.tests.DSTestProfile@3275323c]" name="testSetProfilePositiv" duration-ms="8913" started-at="2013-12-17T14:54:07Z" finished-at="2013-12-17T14:54:16Z">
          <reporter-output>
          </reporter-output>
        </test-method> <!-- testSetProfilePositiv -->
        <test-method status="PASS" signature="tearDown()[pri:0, instance:com.exigen.shegula.tests.DSTestProfile@3275323c]" name="tearDown" is-config="true" duration-ms="580" started-at="2013-12-17T14:54:16Z" finished-at="2013-12-17T14:54:16Z">
          <reporter-output>
          </reporter-output>
        </test-method> <!-- tearDown -->
        <test-method status="PASS" signature="launchBrowser(java.lang.String)[pri:0, instance:com.exigen.shegula.tests.DSTestProfile@3275323c]" name="launchBrowser" is-config="true" duration-ms="9025" started-at="2013-12-17T14:54:16Z" finished-at="2013-12-17T14:54:25Z">
          <params>
            <param index="0">
              <value>
                <![CDATA[FF]]>
              </value>
            </param>
          </params>
          <reporter-output>
          </reporter-output>
        </test-method> <!-- launchBrowser -->
        <test-method status="PASS" signature="testSignOut()[pri:0, instance:com.exigen.shegula.tests.DSTestProfile@3275323c]" name="testSignOut" duration-ms="3301" started-at="2013-12-17T14:54:25Z" finished-at="2013-12-17T14:54:29Z">
          <reporter-output>
          </reporter-output>
        </test-method> <!-- testSignOut -->
        <test-method status="PASS" signature="tearDown()[pri:0, instance:com.exigen.shegula.tests.DSTestProfile@3275323c]" name="tearDown" is-config="true" duration-ms="1280" started-at="2013-12-17T14:54:29Z" finished-at="2013-12-17T14:54:30Z">
          <reporter-output>
          </reporter-output>
        </test-method> <!-- tearDown -->
      </class> <!-- com.exigen.shegula.tests.DSTestProfile -->
    </test> <!-- Default test -->
  </suite> <!-- Default suite -->
</testng-results>
