<!DOCTYPE html PUBLIC "-//W3C//DTD XHTML 1.1//EN" "http://www.w3.org/TR/xhtml11/DTD/xhtml11.dtd">
<html xmlns="http://www.w3.org/1999/xhtml"><head><title>TestNG Report</title><style type="text/css">table {margin-bottom:10px;border-collapse:collapse;empty-cells:show}th,td {border:1px solid #009;padding:.25em .5em}th {vertical-align:bottom}td {vertical-align:top}table a {font-weight:bold}.stripe td {background-color: #E6EBF9}.num {text-align:right}.passedodd td {background-color: #3F3}.passedeven td {background-color: #0A0}.skippedodd td {background-color: #DDD}.skippedeven td {background-color: #CCC}.failedodd td,.attn {background-color: #F33}.failedeven td,.stripe .attn {background-color: #D00}.stacktrace {white-space:pre;font-family:monospace}.totop {font-size:85%;text-align:center;border-bottom:2px solid #000}</style></head><body><table><tr><th>Test</th><th># Passed</th><th># Skipped</th><th># Failed</th><th>Time (ms)</th><th>Included Groups</th><th>Excluded Groups</th></tr><tr><th colspan="7">DS suite</th></tr><tr><td><a href="#t0">testAuthentication</a></td><td class="num">1</td><td class="num">0</td><td class="num">0</td><td class="num">10 310</td><td></td><td></td></tr><tr class="stripe"><td><a href="#t1">testSetProfilePositiv</a></td><td class="num">1</td><td class="num">0</td><td class="num">0</td><td class="num">9 108</td><td></td><td></td></tr><tr><td><a href="#t2">testSaveSchedule</a></td><td class="num">1</td><td class="num">0</td><td class="num">0</td><td class="num">7 576</td><td></td><td></td></tr><tr class="stripe"><td><a href="#t3">testCheckWrapper</a></td><td class="num">0</td><td class="num">0</td><td class="num attn">1</td><td class="num">5 571</td><td></td><td></td></tr><tr><td><a href="#t4">testCheckWrapperDirector</a></td><td class="num">0</td><td class="num">0</td><td class="num attn">1</td><td class="num">7 428</td><td></td><td></td></tr><tr class="stripe"><td><a href="#t5">testCheckWrapperEditDSPage</a></td><td class="num">0</td><td class="num">0</td><td class="num attn">1</td><td class="num">6 464</td><td></td><td></td></tr><tr><td><a href="#t6">testSignOut</a></td><td class="num">1</td><td class="num">0</td><td class="num">0</td><td class="num">7 391</td><td></td><td></td></tr><tr class="stripe"><td><a href="#t7">testHeader</a></td><td class="num">1</td><td class="num">0</td><td class="num">0</td><td class="num">6 483</td><td></td><td></td></tr><tr><td><a href="#t8">testMainMenuClick</a></td><td class="num">1</td><td class="num">0</td><td class="num">0</td><td class="num">8 053</td><td></td><td></td></tr><tr class="stripe"><td><a href="#t9">testAuthenticationPupil</a></td><td class="num">1</td><td class="num">0</td><td class="num">0</td><td class="num">15 594</td><td></td><td></td></tr><tr><td><a href="#t10">testSignOutPupil</a></td><td class="num">1</td><td class="num">0</td><td class="num">0</td><td class="num">6 101</td><td></td><td></td></tr><tr><th>Total</th><th class="num">8</th><th class="num">0</th><th class="num attn">3</th><th class="num">90 079</th><th colspan="2"></th></tr></table><table><thead><tr><th>Class</th><th>Method</th><th>Start</th><th>Time (ms)</th></tr></thead><tbody><tr><th colspan="4">DS suite</th></tr></tbody><tbody id="t0"><tr><th colspan="4">testAuthentication &#8212; passed</th></tr><tr class="passedeven"><td rowspan="1">com.exigen.shegula.tests.DSTestProfile</td><td><a href="#m0">testAuthentication</a></td><td rowspan="1">1387044690694</td><td rowspan="1">1768</td></tr></tbody><tbody id="t1"><tr><th colspan="4">testSetProfilePositiv &#8212; passed</th></tr><tr class="passedeven"><td rowspan="1">com.exigen.shegula.tests.DSTestProfile</td><td><a href="#m1">testSetProfilePositiv</a></td><td rowspan="1">1387044697425</td><td rowspan="1">4179</td></tr></tbody><tbody id="t2"><tr><th colspan="4">testSaveSchedule &#8212; passed</th></tr><tr class="passedeven"><td rowspan="1">com.exigen.shegula.tests.DSTestProfile</td><td><a href="#m2">testSaveSchedule</a></td><td rowspan="1">1387044705931</td><td rowspan="1">3252</td></tr></tbody><tbody id="t3"><tr><th colspan="4">testCheckWrapper &#8212; failed</th></tr><tr class="failedeven"><td rowspan="1">com.exigen.shegula.tests.DSTestProfile</td><td><a href="#m3">testCheckWrapper</a></td><td rowspan="1">1387044713132</td><td rowspan="1">1647</td></tr></tbody><tbody id="t4"><tr><th colspan="4">testCheckWrapperDirector &#8212; failed</th></tr><tr class="failedeven"><td rowspan="1">com.exigen.shegula.tests.DSTestProfile</td><td><a href="#m4">testCheckWrapperDirector</a></td><td rowspan="1">1387044719344</td><td rowspan="1">2916</td></tr></tbody><tbody id="t5"><tr><th colspan="4">testCheckWrapperEditDSPage &#8212; failed</th></tr><tr class="failedeven"><td rowspan="1">com.exigen.shegula.tests.DSTestProfile</td><td><a href="#m5">testCheckWrapperEditDSPage</a></td><td rowspan="1">1387044726692</td><td rowspan="1">2035</td></tr></tbody><tbody id="t6"><tr><th colspan="4">testSignOut &#8212; passed</th></tr><tr class="passedeven"><td rowspan="1">com.exigen.shegula.tests.DSTestProfile</td><td><a href="#m6">testSignOut</a></td><td rowspan="1">1387044733921</td><td rowspan="1">2189</td></tr></tbody><tbody id="t7"><tr><th colspan="4">testHeader &#8212; passed</th></tr><tr class="passedeven"><td rowspan="1">com.exigen.shegula.tests.DSTestProfile</td><td><a href="#m7">testHeader</a></td><td rowspan="1">1387044740559</td><td rowspan="1">2064</td></tr></tbody><tbody id="t8"><tr><th colspan="4">testMainMenuClick &#8212; passed</th></tr><tr class="passedeven"><td rowspan="1">com.exigen.shegula.tests.DSTestProfile</td><td><a href="#m8">testMainMenuClick</a></td><td rowspan="1">1387044747010</td><td rowspan="1">3627</td></tr></tbody><tbody id="t9"><tr><th colspan="4">testAuthenticationPupil &#8212; passed</th></tr><tr class="passedeven"><td rowspan="1">com.exigen.shegula.tests.LyceumTestProfile</td><td><a href="#m9">testAuthenticationPupil</a></td><td rowspan="1">1387044755199</td><td rowspan="1">11038</td></tr></tbody><tbody id="t10"><tr><th colspan="4">testSignOutPupil &#8212; passed</th></tr><tr class="passedeven"><td rowspan="1">com.exigen.shegula.tests.LyceumTestProfile</td><td><a href="#m10">testSignOutPupil</a></td><td rowspan="1">1387044770249</td><td rowspan="1">2126</td></tr></tbody></table><h2>testAuthentication</h2><h3 id="m0">com.exigen.shegula.tests.DSTestProfile#testAuthentication</h3><table class="result"></table><p class="totop"><a href="#summary">back to summary</a></p><h2>testSetProfilePositiv</h2><h3 id="m1">com.exigen.shegula.tests.DSTestProfile#testSetProfilePositiv</h3><table class="result"></table><p class="totop"><a href="#summary">back to summary</a></p><h2>testSaveSchedule</h2><h3 id="m2">com.exigen.shegula.tests.DSTestProfile#testSaveSchedule</h3><table class="result"></table><p class="totop"><a href="#summary">back to summary</a></p><h2>testCheckWrapper</h2><h3 id="m3">com.exigen.shegula.tests.DSTestProfile#testCheckWrapper</h3><table class="result"><tr><th>Exception</th></tr><tr><td><div class="stacktrace">java.lang.AssertionError: expected [(292, 662)] but found [(198, 667)]
	at org.testng.Assert.fail(Assert.java:94)
	at org.testng.Assert.failNotEquals(Assert.java:494)
	at org.testng.Assert.assertEquals(Assert.java:123)
	at org.testng.Assert.assertEquals(Assert.java:176)
	at org.testng.Assert.assertEquals(Assert.java:186)
	at com.exigen.shegula.tests.DSTestProfile.testCheckWrapper(DSTestProfile.java:118)
	at sun.reflect.NativeMethodAccessorImpl.invoke0(Native Method)
	at sun.reflect.NativeMethodAccessorImpl.invoke(NativeMethodAccessorImpl.java:57)
	at sun.reflect.DelegatingMethodAccessorImpl.invoke(DelegatingMethodAccessorImpl.java:43)
	at java.lang.reflect.Method.invoke(Method.java:606)
	at org.testng.internal.MethodInvocationHelper.invokeMethod(MethodInvocationHelper.java:84)
	at org.testng.internal.Invoker.invokeMethod(Invoker.java:714)
	at org.testng.internal.Invoker.invokeTestMethod(Invoker.java:901)
	at org.testng.internal.Invoker.invokeTestMethods(Invoker.java:1231)
	at org.testng.internal.TestMethodWorker.invokeTestMethods(TestMethodWorker.java:127)
	at org.testng.internal.TestMethodWorker.run(TestMethodWorker.java:111)
	at org.testng.TestRunner.privateRun(TestRunner.java:767)
	at org.testng.TestRunner.run(TestRunner.java:617)
	at org.testng.SuiteRunner.runTest(SuiteRunner.java:334)
	at org.testng.SuiteRunner.runSequentially(SuiteRunner.java:329)
	at org.testng.SuiteRunner.privateRun(SuiteRunner.java:291)
	at org.testng.SuiteRunner.run(SuiteRunner.java:240)
	at org.testng.SuiteRunnerWorker.runSuite(SuiteRunnerWorker.java:52)
	at org.testng.SuiteRunnerWorker.run(SuiteRunnerWorker.java:86)
	at org.testng.TestNG.runSuitesSequentially(TestNG.java:1224)
	at org.testng.TestNG.runSuitesLocally(TestNG.java:1149)
	at org.testng.TestNG.run(TestNG.java:1057)
	at org.apache.maven.surefire.testng.TestNGExecutor.run(TestNGExecutor.java:217)
	at org.apache.maven.surefire.testng.TestNGXmlTestSuite.execute(TestNGXmlTestSuite.java:84)
	at org.apache.maven.surefire.testng.TestNGProvider.invoke(TestNGProvider.java:92)
	at org.apache.maven.surefire.booter.ForkedBooter.invokeProviderInSameClassLoader(ForkedBooter.java:200)
	at org.apache.maven.surefire.booter.ForkedBooter.runSuitesInProcess(ForkedBooter.java:153)
	at org.apache.maven.surefire.booter.ForkedBooter.main(ForkedBooter.java:103)
</div></td></tr></table><p class="totop"><a href="#summary">back to summary</a></p><h2>testCheckWrapperDirector</h2><h3 id="m4">com.exigen.shegula.tests.DSTestProfile#testCheckWrapperDirector</h3><table class="result"><tr><th>Exception</th></tr><tr><td><div class="stacktrace">java.lang.AssertionError: expected [false] but found [true]
	at org.testng.Assert.fail(Assert.java:94)
	at org.testng.Assert.failNotEquals(Assert.java:494)
	at org.testng.Assert.assertFalse(Assert.java:63)
	at org.testng.Assert.assertFalse(Assert.java:73)
	at com.exigen.shegula.tests.DSTestProfile.testCheckWrapperDirector(DSTestProfile.java:138)
	at sun.reflect.NativeMethodAccessorImpl.invoke0(Native Method)
	at sun.reflect.NativeMethodAccessorImpl.invoke(NativeMethodAccessorImpl.java:57)
	at sun.reflect.DelegatingMethodAccessorImpl.invoke(DelegatingMethodAccessorImpl.java:43)
	at java.lang.reflect.Method.invoke(Method.java:606)
	at org.testng.internal.MethodInvocationHelper.invokeMethod(MethodInvocationHelper.java:84)
	at org.testng.internal.Invoker.invokeMethod(Invoker.java:714)
	at org.testng.internal.Invoker.invokeTestMethod(Invoker.java:901)
	at org.testng.internal.Invoker.invokeTestMethods(Invoker.java:1231)
	at org.testng.internal.TestMethodWorker.invokeTestMethods(TestMethodWorker.java:127)
	at org.testng.internal.TestMethodWorker.run(TestMethodWorker.java:111)
	at org.testng.TestRunner.privateRun(TestRunner.java:767)
	at org.testng.TestRunner.run(TestRunner.java:617)
	at org.testng.SuiteRunner.runTest(SuiteRunner.java:334)
	at org.testng.SuiteRunner.runSequentially(SuiteRunner.java:329)
	at org.testng.SuiteRunner.privateRun(SuiteRunner.java:291)
	at org.testng.SuiteRunner.run(SuiteRunner.java:240)
	at org.testng.SuiteRunnerWorker.runSuite(SuiteRunnerWorker.java:52)
	at org.testng.SuiteRunnerWorker.run(SuiteRunnerWorker.java:86)
	at org.testng.TestNG.runSuitesSequentially(TestNG.java:1224)
	at org.testng.TestNG.runSuitesLocally(TestNG.java:1149)
	at org.testng.TestNG.run(TestNG.java:1057)
	at org.apache.maven.surefire.testng.TestNGExecutor.run(TestNGExecutor.java:217)
	at org.apache.maven.surefire.testng.TestNGXmlTestSuite.execute(TestNGXmlTestSuite.java:84)
	at org.apache.maven.surefire.testng.TestNGProvider.invoke(TestNGProvider.java:92)
	at org.apache.maven.surefire.booter.ForkedBooter.invokeProviderInSameClassLoader(ForkedBooter.java:200)
	at org.apache.maven.surefire.booter.ForkedBooter.runSuitesInProcess(ForkedBooter.java:153)
	at org.apache.maven.surefire.booter.ForkedBooter.main(ForkedBooter.java:103)
</div></td></tr></table><p class="totop"><a href="#summary">back to summary</a></p><h2>testCheckWrapperEditDSPage</h2><h3 id="m5">com.exigen.shegula.tests.DSTestProfile#testCheckWrapperEditDSPage</h3><table class="result"><tr><th>Exception</th></tr><tr><td><div class="stacktrace">java.lang.AssertionError: expected [(283, 727)] but found [(198, 747)]
	at org.testng.Assert.fail(Assert.java:94)
	at org.testng.Assert.failNotEquals(Assert.java:494)
	at org.testng.Assert.assertEquals(Assert.java:123)
	at org.testng.Assert.assertEquals(Assert.java:176)
	at org.testng.Assert.assertEquals(Assert.java:186)
	at com.exigen.shegula.tests.DSTestProfile.testCheckWrapperEditDSPage(DSTestProfile.java:175)
	at sun.reflect.NativeMethodAccessorImpl.invoke0(Native Method)
	at sun.reflect.NativeMethodAccessorImpl.invoke(NativeMethodAccessorImpl.java:57)
	at sun.reflect.DelegatingMethodAccessorImpl.invoke(DelegatingMethodAccessorImpl.java:43)
	at java.lang.reflect.Method.invoke(Method.java:606)
	at org.testng.internal.MethodInvocationHelper.invokeMethod(MethodInvocationHelper.java:84)
	at org.testng.internal.Invoker.invokeMethod(Invoker.java:714)
	at org.testng.internal.Invoker.invokeTestMethod(Invoker.java:901)
	at org.testng.internal.Invoker.invokeTestMethods(Invoker.java:1231)
	at org.testng.internal.TestMethodWorker.invokeTestMethods(TestMethodWorker.java:127)
	at org.testng.internal.TestMethodWorker.run(TestMethodWorker.java:111)
	at org.testng.TestRunner.privateRun(TestRunner.java:767)
	at org.testng.TestRunner.run(TestRunner.java:617)
	at org.testng.SuiteRunner.runTest(SuiteRunner.java:334)
	at org.testng.SuiteRunner.runSequentially(SuiteRunner.java:329)
	at org.testng.SuiteRunner.privateRun(SuiteRunner.java:291)
	at org.testng.SuiteRunner.run(SuiteRunner.java:240)
	at org.testng.SuiteRunnerWorker.runSuite(SuiteRunnerWorker.java:52)
	at org.testng.SuiteRunnerWorker.run(SuiteRunnerWorker.java:86)
	at org.testng.TestNG.runSuitesSequentially(TestNG.java:1224)
	at org.testng.TestNG.runSuitesLocally(TestNG.java:1149)
	at org.testng.TestNG.run(TestNG.java:1057)
	at org.apache.maven.surefire.testng.TestNGExecutor.run(TestNGExecutor.java:217)
	at org.apache.maven.surefire.testng.TestNGXmlTestSuite.execute(TestNGXmlTestSuite.java:84)
	at org.apache.maven.surefire.testng.TestNGProvider.invoke(TestNGProvider.java:92)
	at org.apache.maven.surefire.booter.ForkedBooter.invokeProviderInSameClassLoader(ForkedBooter.java:200)
	at org.apache.maven.surefire.booter.ForkedBooter.runSuitesInProcess(ForkedBooter.java:153)
	at org.apache.maven.surefire.booter.ForkedBooter.main(ForkedBooter.java:103)
</div></td></tr></table><p class="totop"><a href="#summary">back to summary</a></p><h2>testSignOut</h2><h3 id="m6">com.exigen.shegula.tests.DSTestProfile#testSignOut</h3><table class="result"></table><p class="totop"><a href="#summary">back to summary</a></p><h2>testHeader</h2><h3 id="m7">com.exigen.shegula.tests.DSTestProfile#testHeader</h3><table class="result"></table><p class="totop"><a href="#summary">back to summary</a></p><h2>testMainMenuClick</h2><h3 id="m8">com.exigen.shegula.tests.DSTestProfile#testMainMenuClick</h3><table class="result"></table><p class="totop"><a href="#summary">back to summary</a></p><h2>testAuthenticationPupil</h2><h3 id="m9">com.exigen.shegula.tests.LyceumTestProfile#testAuthenticationPupil</h3><table class="result"></table><p class="totop"><a href="#summary">back to summary</a></p><h2>testSignOutPupil</h2><h3 id="m10">com.exigen.shegula.tests.LyceumTestProfile#testSignOutPupil</h3><table class="result"></table><p class="totop"><a href="#summary">back to summary</a></p></body></html>