<?xml version="1.0" encoding="UTF-8"?>
<testng-results skipped="0" failed="3" total="11" passed="8">
  <reporter-output>
  </reporter-output>
  <suite name="DS suite" duration-ms="90213" started-at="2013-12-14T18:11:22Z" finished-at="2013-12-14T18:12:52Z">
    <groups>
    </groups>
    <test name="testAuthentication" duration-ms="10310" started-at="2013-12-14T18:11:22Z" finished-at="2013-12-14T18:11:32Z">
      <class name="com.exigen.shegula.tests.DSTestProfile">
        <test-method status="PASS" signature="launchBrowser(java.lang.String)[pri:0, instance:com.exigen.shegula.tests.DSTestProfile@7129a843]" name="launchBrowser" is-config="true" duration-ms="8350" started-at="2013-12-14T20:11:22Z" finished-at="2013-12-14T20:11:30Z">
          <params>
            <param index="0">
              <value>
                <![CDATA[FF]]>
              </value>
            </param>
          </params>
          <reporter-output>
          </reporter-output>
        </test-method> <!-- launchBrowser -->
        <test-method status="PASS" signature="testAuthentication()[pri:0, instance:com.exigen.shegula.tests.DSTestProfile@7129a843]" name="testAuthentication" duration-ms="1768" started-at="2013-12-14T20:11:30Z" finished-at="2013-12-14T20:11:32Z">
          <reporter-output>
          </reporter-output>
        </test-method> <!-- testAuthentication -->
        <test-method status="PASS" signature="tearDown()[pri:0, instance:com.exigen.shegula.tests.DSTestProfile@7129a843]" name="tearDown" is-config="true" duration-ms="180" started-at="2013-12-14T20:11:32Z" finished-at="2013-12-14T20:11:32Z">
          <reporter-output>
          </reporter-output>
        </test-method> <!-- tearDown -->
      </class> <!-- com.exigen.shegula.tests.DSTestProfile -->
    </test> <!-- testAuthentication -->
    <test name="testSetProfilePositiv" duration-ms="9108" started-at="2013-12-14T18:11:32Z" finished-at="2013-12-14T18:11:41Z">
      <class name="com.exigen.shegula.tests.DSTestProfile">
        <test-method status="PASS" signature="launchBrowser(java.lang.String)[pri:0, instance:com.exigen.shegula.tests.DSTestProfile@3510dc7d]" name="launchBrowser" is-config="true" duration-ms="4762" started-at="2013-12-14T20:11:32Z" finished-at="2013-12-14T20:11:37Z">
          <params>
            <param index="0">
              <value>
                <![CDATA[FF]]>
              </value>
            </param>
          </params>
          <reporter-output>
          </reporter-output>
        </test-method> <!-- launchBrowser -->
        <test-method status="PASS" signature="testSetProfilePositiv()[pri:0, instance:com.exigen.shegula.tests.DSTestProfile@3510dc7d]" name="testSetProfilePositiv" duration-ms="4179" started-at="2013-12-14T20:11:37Z" finished-at="2013-12-14T20:11:41Z">
          <reporter-output>
          </reporter-output>
        </test-method> <!-- testSetProfilePositiv -->
        <test-method status="PASS" signature="tearDown()[pri:0, instance:com.exigen.shegula.tests.DSTestProfile@3510dc7d]" name="tearDown" is-config="true" duration-ms="166" started-at="2013-12-14T20:11:41Z" finished-at="2013-12-14T20:11:41Z">
          <reporter-output>
          </reporter-output>
        </test-method> <!-- tearDown -->
      </class> <!-- com.exigen.shegula.tests.DSTestProfile -->
    </test> <!-- testSetProfilePositiv -->
    <test name="testSaveSchedule" duration-ms="7576" started-at="2013-12-14T18:11:41Z" finished-at="2013-12-14T18:11:49Z">
      <class name="com.exigen.shegula.tests.DSTestProfile">
        <test-method status="PASS" signature="launchBrowser(java.lang.String)[pri:0, instance:com.exigen.shegula.tests.DSTestProfile@19ece3b5]" name="launchBrowser" is-config="true" duration-ms="4086" started-at="2013-12-14T20:11:41Z" finished-at="2013-12-14T20:11:45Z">
          <params>
            <param index="0">
              <value>
                <![CDATA[FF]]>
              </value>
            </param>
          </params>
          <reporter-output>
          </reporter-output>
        </test-method> <!-- launchBrowser -->
        <test-method status="PASS" signature="testSaveSchedule()[pri:0, instance:com.exigen.shegula.tests.DSTestProfile@19ece3b5]" name="testSaveSchedule" duration-ms="3252" started-at="2013-12-14T20:11:45Z" finished-at="2013-12-14T20:11:49Z">
          <reporter-output>
          </reporter-output>
        </test-method> <!-- testSaveSchedule -->
        <test-method status="PASS" signature="tearDown()[pri:0, instance:com.exigen.shegula.tests.DSTestProfile@19ece3b5]" name="tearDown" is-config="true" duration-ms="237" started-at="2013-12-14T20:11:49Z" finished-at="2013-12-14T20:11:49Z">
          <reporter-output>
          </reporter-output>
        </test-method> <!-- tearDown -->
      </class> <!-- com.exigen.shegula.tests.DSTestProfile -->
    </test> <!-- testSaveSchedule -->
    <test name="testCheckWrapper" duration-ms="5571" started-at="2013-12-14T18:11:49Z" finished-at="2013-12-14T18:11:54Z">
      <class name="com.exigen.shegula.tests.DSTestProfile">
        <test-method status="PASS" signature="launchBrowser(java.lang.String)[pri:0, instance:com.exigen.shegula.tests.DSTestProfile@22e53ca2]" name="launchBrowser" is-config="true" duration-ms="3708" started-at="2013-12-14T20:11:49Z" finished-at="2013-12-14T20:11:53Z">
          <params>
            <param index="0">
              <value>
                <![CDATA[FF]]>
              </value>
            </param>
          </params>
          <reporter-output>
          </reporter-output>
        </test-method> <!-- launchBrowser -->
        <test-method status="FAIL" signature="testCheckWrapper()[pri:0, instance:com.exigen.shegula.tests.DSTestProfile@22e53ca2]" name="testCheckWrapper" duration-ms="1647" started-at="2013-12-14T20:11:53Z" finished-at="2013-12-14T20:11:54Z">
          <exception class="java.lang.AssertionError">
            <message>
              <![CDATA[expected [(292, 662)] but found [(198, 667)]]]>
            </message>
            <full-stacktrace>
              <![CDATA[java.lang.AssertionError: expected [(292, 662)] but found [(198, 667)]
	at org.testng.Assert.fail(Assert.java:94)
	at org.testng.Assert.failNotEquals(Assert.java:494)
	at org.testng.Assert.assertEquals(Assert.java:123)
	at org.testng.Assert.assertEquals(Assert.java:176)
	at org.testng.Assert.assertEquals(Assert.java:186)
	at com.exigen.shegula.tests.DSTestProfile.testCheckWrapper(DSTestProfile.java:118)
	at sun.reflect.NativeMethodAccessorImpl.invoke0(Native Method)
	at sun.reflect.NativeMethodAccessorImpl.invoke(NativeMethodAccessorImpl.java:57)
	at sun.reflect.DelegatingMethodAccessorImpl.invoke(DelegatingMethodAccessorImpl.java:43)
	at java.lang.reflect.Method.invoke(Method.java:606)
	at org.testng.internal.MethodInvocationHelper.invokeMethod(MethodInvocationHelper.java:84)
	at org.testng.internal.Invoker.invokeMethod(Invoker.java:714)
	at org.testng.internal.Invoker.invokeTestMethod(Invoker.java:901)
	at org.testng.internal.Invoker.invokeTestMethods(Invoker.java:1231)
	at org.testng.internal.TestMethodWorker.invokeTestMethods(TestMethodWorker.java:127)
	at org.testng.internal.TestMethodWorker.run(TestMethodWorker.java:111)
	at org.testng.TestRunner.privateRun(TestRunner.java:767)
	at org.testng.TestRunner.run(TestRunner.java:617)
	at org.testng.SuiteRunner.runTest(SuiteRunner.java:334)
	at org.testng.SuiteRunner.runSequentially(SuiteRunner.java:329)
	at org.testng.SuiteRunner.privateRun(SuiteRunner.java:291)
	at org.testng.SuiteRunner.run(SuiteRunner.java:240)
	at org.testng.SuiteRunnerWorker.runSuite(SuiteRunnerWorker.java:52)
	at org.testng.SuiteRunnerWorker.run(SuiteRunnerWorker.java:86)
	at org.testng.TestNG.runSuitesSequentially(TestNG.java:1224)
	at org.testng.TestNG.runSuitesLocally(TestNG.java:1149)
	at org.testng.TestNG.run(TestNG.java:1057)
	at org.apache.maven.surefire.testng.TestNGExecutor.run(TestNGExecutor.java:217)
	at org.apache.maven.surefire.testng.TestNGXmlTestSuite.execute(TestNGXmlTestSuite.java:84)
	at org.apache.maven.surefire.testng.TestNGProvider.invoke(TestNGProvider.java:92)
	at org.apache.maven.surefire.booter.ForkedBooter.invokeProviderInSameClassLoader(ForkedBooter.java:200)
	at org.apache.maven.surefire.booter.ForkedBooter.runSuitesInProcess(ForkedBooter.java:153)
	at org.apache.maven.surefire.booter.ForkedBooter.main(ForkedBooter.java:103)
]]>
            </full-stacktrace>
          </exception> <!-- java.lang.AssertionError -->
          <reporter-output>
          </reporter-output>
        </test-method> <!-- testCheckWrapper -->
        <test-method status="PASS" signature="tearDown()[pri:0, instance:com.exigen.shegula.tests.DSTestProfile@22e53ca2]" name="tearDown" is-config="true" duration-ms="158" started-at="2013-12-14T20:11:54Z" finished-at="2013-12-14T20:11:54Z">
          <reporter-output>
          </reporter-output>
        </test-method> <!-- tearDown -->
      </class> <!-- com.exigen.shegula.tests.DSTestProfile -->
    </test> <!-- testCheckWrapper -->
    <test name="testCheckWrapperDirector" duration-ms="7428" started-at="2013-12-14T18:11:55Z" finished-at="2013-12-14T18:12:02Z">
      <class name="com.exigen.shegula.tests.DSTestProfile">
        <test-method status="PASS" signature="launchBrowser(java.lang.String)[pri:0, instance:com.exigen.shegula.tests.DSTestProfile@24295637]" name="launchBrowser" is-config="true" duration-ms="4339" started-at="2013-12-14T20:11:55Z" finished-at="2013-12-14T20:11:59Z">
          <params>
            <param index="0">
              <value>
                <![CDATA[FF]]>
              </value>
            </param>
          </params>
          <reporter-output>
          </reporter-output>
        </test-method> <!-- launchBrowser -->
        <test-method status="FAIL" signature="testCheckWrapperDirector()[pri:0, instance:com.exigen.shegula.tests.DSTestProfile@24295637]" name="testCheckWrapperDirector" duration-ms="2916" started-at="2013-12-14T20:11:59Z" finished-at="2013-12-14T20:12:02Z">
          <exception class="java.lang.AssertionError">
            <message>
              <![CDATA[expected [false] but found [true]]]>
            </message>
            <full-stacktrace>
              <![CDATA[java.lang.AssertionError: expected [false] but found [true]
	at org.testng.Assert.fail(Assert.java:94)
	at org.testng.Assert.failNotEquals(Assert.java:494)
	at org.testng.Assert.assertFalse(Assert.java:63)
	at org.testng.Assert.assertFalse(Assert.java:73)
	at com.exigen.shegula.tests.DSTestProfile.testCheckWrapperDirector(DSTestProfile.java:138)
	at sun.reflect.NativeMethodAccessorImpl.invoke0(Native Method)
	at sun.reflect.NativeMethodAccessorImpl.invoke(NativeMethodAccessorImpl.java:57)
	at sun.reflect.DelegatingMethodAccessorImpl.invoke(DelegatingMethodAccessorImpl.java:43)
	at java.lang.reflect.Method.invoke(Method.java:606)
	at org.testng.internal.MethodInvocationHelper.invokeMethod(MethodInvocationHelper.java:84)
	at org.testng.internal.Invoker.invokeMethod(Invoker.java:714)
	at org.testng.internal.Invoker.invokeTestMethod(Invoker.java:901)
	at org.testng.internal.Invoker.invokeTestMethods(Invoker.java:1231)
	at org.testng.internal.TestMethodWorker.invokeTestMethods(TestMethodWorker.java:127)
	at org.testng.internal.TestMethodWorker.run(TestMethodWorker.java:111)
	at org.testng.TestRunner.privateRun(TestRunner.java:767)
	at org.testng.TestRunner.run(TestRunner.java:617)
	at org.testng.SuiteRunner.runTest(SuiteRunner.java:334)
	at org.testng.SuiteRunner.runSequentially(SuiteRunner.java:329)
	at org.testng.SuiteRunner.privateRun(SuiteRunner.java:291)
	at org.testng.SuiteRunner.run(SuiteRunner.java:240)
	at org.testng.SuiteRunnerWorker.runSuite(SuiteRunnerWorker.java:52)
	at org.testng.SuiteRunnerWorker.run(SuiteRunnerWorker.java:86)
	at org.testng.TestNG.runSuitesSequentially(TestNG.java:1224)
	at org.testng.TestNG.runSuitesLocally(TestNG.java:1149)
	at org.testng.TestNG.run(TestNG.java:1057)
	at org.apache.maven.surefire.testng.TestNGExecutor.run(TestNGExecutor.java:217)
	at org.apache.maven.surefire.testng.TestNGXmlTestSuite.execute(TestNGXmlTestSuite.java:84)
	at org.apache.maven.surefire.testng.TestNGProvider.invoke(TestNGProvider.java:92)
	at org.apache.maven.surefire.booter.ForkedBooter.invokeProviderInSameClassLoader(ForkedBooter.java:200)
	at org.apache.maven.surefire.booter.ForkedBooter.runSuitesInProcess(ForkedBooter.java:153)
	at org.apache.maven.surefire.booter.ForkedBooter.main(ForkedBooter.java:103)
]]>
            </full-stacktrace>
          </exception> <!-- java.lang.AssertionError -->
          <reporter-output>
          </reporter-output>
        </test-method> <!-- testCheckWrapperDirector -->
        <test-method status="PASS" signature="tearDown()[pri:0, instance:com.exigen.shegula.tests.DSTestProfile@24295637]" name="tearDown" is-config="true" duration-ms="171" started-at="2013-12-14T20:12:02Z" finished-at="2013-12-14T20:12:02Z">
          <reporter-output>
          </reporter-output>
        </test-method> <!-- tearDown -->
      </class> <!-- com.exigen.shegula.tests.DSTestProfile -->
    </test> <!-- testCheckWrapperDirector -->
    <test name="testCheckWrapperEditDSPage" duration-ms="6464" started-at="2013-12-14T18:12:02Z" finished-at="2013-12-14T18:12:08Z">
      <class name="com.exigen.shegula.tests.DSTestProfile">
        <test-method status="PASS" signature="launchBrowser(java.lang.String)[pri:0, instance:com.exigen.shegula.tests.DSTestProfile@6b79c26a]" name="launchBrowser" is-config="true" duration-ms="4253" started-at="2013-12-14T20:12:02Z" finished-at="2013-12-14T20:12:06Z">
          <params>
            <param index="0">
              <value>
                <![CDATA[FF]]>
              </value>
            </param>
          </params>
          <reporter-output>
          </reporter-output>
        </test-method> <!-- launchBrowser -->
        <test-method status="FAIL" signature="testCheckWrapperEditDSPage()[pri:0, instance:com.exigen.shegula.tests.DSTestProfile@6b79c26a]" name="testCheckWrapperEditDSPage" duration-ms="2035" started-at="2013-12-14T20:12:06Z" finished-at="2013-12-14T20:12:08Z">
          <exception class="java.lang.AssertionError">
            <message>
              <![CDATA[expected [(283, 727)] but found [(198, 747)]]]>
            </message>
            <full-stacktrace>
              <![CDATA[java.lang.AssertionError: expected [(283, 727)] but found [(198, 747)]
	at org.testng.Assert.fail(Assert.java:94)
	at org.testng.Assert.failNotEquals(Assert.java:494)
	at org.testng.Assert.assertEquals(Assert.java:123)
	at org.testng.Assert.assertEquals(Assert.java:176)
	at org.testng.Assert.assertEquals(Assert.java:186)
	at com.exigen.shegula.tests.DSTestProfile.testCheckWrapperEditDSPage(DSTestProfile.java:175)
	at sun.reflect.NativeMethodAccessorImpl.invoke0(Native Method)
	at sun.reflect.NativeMethodAccessorImpl.invoke(NativeMethodAccessorImpl.java:57)
	at sun.reflect.DelegatingMethodAccessorImpl.invoke(DelegatingMethodAccessorImpl.java:43)
	at java.lang.reflect.Method.invoke(Method.java:606)
	at org.testng.internal.MethodInvocationHelper.invokeMethod(MethodInvocationHelper.java:84)
	at org.testng.internal.Invoker.invokeMethod(Invoker.java:714)
	at org.testng.internal.Invoker.invokeTestMethod(Invoker.java:901)
	at org.testng.internal.Invoker.invokeTestMethods(Invoker.java:1231)
	at org.testng.internal.TestMethodWorker.invokeTestMethods(TestMethodWorker.java:127)
	at org.testng.internal.TestMethodWorker.run(TestMethodWorker.java:111)
	at org.testng.TestRunner.privateRun(TestRunner.java:767)
	at org.testng.TestRunner.run(TestRunner.java:617)
	at org.testng.SuiteRunner.runTest(SuiteRunner.java:334)
	at org.testng.SuiteRunner.runSequentially(SuiteRunner.java:329)
	at org.testng.SuiteRunner.privateRun(SuiteRunner.java:291)
	at org.testng.SuiteRunner.run(SuiteRunner.java:240)
	at org.testng.SuiteRunnerWorker.runSuite(SuiteRunnerWorker.java:52)
	at org.testng.SuiteRunnerWorker.run(SuiteRunnerWorker.java:86)
	at org.testng.TestNG.runSuitesSequentially(TestNG.java:1224)
	at org.testng.TestNG.runSuitesLocally(TestNG.java:1149)
	at org.testng.TestNG.run(TestNG.java:1057)
	at org.apache.maven.surefire.testng.TestNGExecutor.run(TestNGExecutor.java:217)
	at org.apache.maven.surefire.testng.TestNGXmlTestSuite.execute(TestNGXmlTestSuite.java:84)
	at org.apache.maven.surefire.testng.TestNGProvider.invoke(TestNGProvider.java:92)
	at org.apache.maven.surefire.booter.ForkedBooter.invokeProviderInSameClassLoader(ForkedBooter.java:200)
	at org.apache.maven.surefire.booter.ForkedBooter.runSuitesInProcess(ForkedBooter.java:153)
	at org.apache.maven.surefire.booter.ForkedBooter.main(ForkedBooter.java:103)
]]>
            </full-stacktrace>
          </exception> <!-- java.lang.AssertionError -->
          <reporter-output>
          </reporter-output>
        </test-method> <!-- testCheckWrapperEditDSPage -->
        <test-method status="PASS" signature="tearDown()[pri:0, instance:com.exigen.shegula.tests.DSTestProfile@6b79c26a]" name="tearDown" is-config="true" duration-ms="175" started-at="2013-12-14T20:12:08Z" finished-at="2013-12-14T20:12:08Z">
          <reporter-output>
          </reporter-output>
        </test-method> <!-- tearDown -->
      </class> <!-- com.exigen.shegula.tests.DSTestProfile -->
    </test> <!-- testCheckWrapperEditDSPage -->
    <test name="testSignOut" duration-ms="7391" started-at="2013-12-14T18:12:08Z" finished-at="2013-12-14T18:12:16Z">
      <class name="com.exigen.shegula.tests.DSTestProfile">
        <test-method status="PASS" signature="launchBrowser(java.lang.String)[pri:0, instance:com.exigen.shegula.tests.DSTestProfile@64b28abf]" name="launchBrowser" is-config="true" duration-ms="5009" started-at="2013-12-14T20:12:08Z" finished-at="2013-12-14T20:12:13Z">
          <params>
            <param index="0">
              <value>
                <![CDATA[FF]]>
              </value>
            </param>
          </params>
          <reporter-output>
          </reporter-output>
        </test-method> <!-- launchBrowser -->
        <test-method status="PASS" signature="testSignOut()[pri:0, instance:com.exigen.shegula.tests.DSTestProfile@64b28abf]" name="testSignOut" duration-ms="2189" started-at="2013-12-14T20:12:13Z" finished-at="2013-12-14T20:12:16Z">
          <reporter-output>
          </reporter-output>
        </test-method> <!-- testSignOut -->
        <test-method status="PASS" signature="tearDown()[pri:0, instance:com.exigen.shegula.tests.DSTestProfile@64b28abf]" name="tearDown" is-config="true" duration-ms="193" started-at="2013-12-14T20:12:16Z" finished-at="2013-12-14T20:12:16Z">
          <reporter-output>
          </reporter-output>
        </test-method> <!-- tearDown -->
      </class> <!-- com.exigen.shegula.tests.DSTestProfile -->
    </test> <!-- testSignOut -->
    <test name="testHeader" duration-ms="6483" started-at="2013-12-14T18:12:16Z" finished-at="2013-12-14T18:12:22Z">
      <class name="com.exigen.shegula.tests.DSTestProfile">
        <test-method status="PASS" signature="launchBrowser(java.lang.String)[pri:0, instance:com.exigen.shegula.tests.DSTestProfile@70297e0d]" name="launchBrowser" is-config="true" duration-ms="4253" started-at="2013-12-14T20:12:16Z" finished-at="2013-12-14T20:12:20Z">
          <params>
            <param index="0">
              <value>
                <![CDATA[FF]]>
              </value>
            </param>
          </params>
          <reporter-output>
          </reporter-output>
        </test-method> <!-- launchBrowser -->
        <test-method status="PASS" signature="testHeader()[pri:0, instance:com.exigen.shegula.tests.DSTestProfile@70297e0d]" name="testHeader" duration-ms="2064" started-at="2013-12-14T20:12:20Z" finished-at="2013-12-14T20:12:22Z">
          <reporter-output>
          </reporter-output>
        </test-method> <!-- testHeader -->
        <test-method status="PASS" signature="tearDown()[pri:0, instance:com.exigen.shegula.tests.DSTestProfile@70297e0d]" name="tearDown" is-config="true" duration-ms="166" started-at="2013-12-14T20:12:22Z" finished-at="2013-12-14T20:12:22Z">
          <reporter-output>
          </reporter-output>
        </test-method> <!-- tearDown -->
      </class> <!-- com.exigen.shegula.tests.DSTestProfile -->
    </test> <!-- testHeader -->
    <test name="testMainMenuClick" duration-ms="8053" started-at="2013-12-14T18:12:22Z" finished-at="2013-12-14T18:12:30Z">
      <class name="com.exigen.shegula.tests.DSTestProfile">
        <test-method status="PASS" signature="launchBrowser(java.lang.String)[pri:0, instance:com.exigen.shegula.tests.DSTestProfile@6e9ea162]" name="launchBrowser" is-config="true" duration-ms="4217" started-at="2013-12-14T20:12:22Z" finished-at="2013-12-14T20:12:27Z">
          <params>
            <param index="0">
              <value>
                <![CDATA[FF]]>
              </value>
            </param>
          </params>
          <reporter-output>
          </reporter-output>
        </test-method> <!-- launchBrowser -->
        <test-method status="PASS" signature="testMainMenuClick()[pri:0, instance:com.exigen.shegula.tests.DSTestProfile@6e9ea162]" name="testMainMenuClick" duration-ms="3627" started-at="2013-12-14T20:12:27Z" finished-at="2013-12-14T20:12:30Z">
          <reporter-output>
          </reporter-output>
        </test-method> <!-- testMainMenuClick -->
        <test-method status="PASS" signature="tearDown()[pri:0, instance:com.exigen.shegula.tests.DSTestProfile@6e9ea162]" name="tearDown" is-config="true" duration-ms="208" started-at="2013-12-14T20:12:30Z" finished-at="2013-12-14T20:12:30Z">
          <reporter-output>
          </reporter-output>
        </test-method> <!-- tearDown -->
      </class> <!-- com.exigen.shegula.tests.DSTestProfile -->
    </test> <!-- testMainMenuClick -->
    <test name="testAuthenticationPupil" duration-ms="15594" started-at="2013-12-14T18:12:30Z" finished-at="2013-12-14T18:12:46Z">
      <class name="com.exigen.shegula.tests.LyceumTestProfile">
        <test-method status="PASS" signature="launchBrowser(java.lang.String)[pri:0, instance:com.exigen.shegula.tests.LyceumTestProfile@4b7ac3e5]" name="launchBrowser" is-config="true" duration-ms="4350" started-at="2013-12-14T20:12:30Z" finished-at="2013-12-14T20:12:35Z">
          <params>
            <param index="0">
              <value>
                <![CDATA[FF]]>
              </value>
            </param>
          </params>
          <reporter-output>
          </reporter-output>
        </test-method> <!-- launchBrowser -->
        <test-method status="PASS" signature="testAuthenticationPupil()[pri:0, instance:com.exigen.shegula.tests.LyceumTestProfile@4b7ac3e5]" name="testAuthenticationPupil" duration-ms="11038" started-at="2013-12-14T20:12:35Z" finished-at="2013-12-14T20:12:46Z">
          <reporter-output>
          </reporter-output>
        </test-method> <!-- testAuthenticationPupil -->
        <test-method status="PASS" signature="tearDown()[pri:0, instance:com.exigen.shegula.tests.LyceumTestProfile@4b7ac3e5]" name="tearDown" is-config="true" duration-ms="205" started-at="2013-12-14T20:12:46Z" finished-at="2013-12-14T20:12:46Z">
          <reporter-output>
          </reporter-output>
        </test-method> <!-- tearDown -->
      </class> <!-- com.exigen.shegula.tests.LyceumTestProfile -->
    </test> <!-- testAuthenticationPupil -->
    <test name="testSignOutPupil" duration-ms="6101" started-at="2013-12-14T18:12:46Z" finished-at="2013-12-14T18:12:52Z">
      <class name="com.exigen.shegula.tests.LyceumTestProfile">
        <test-method status="PASS" signature="launchBrowser(java.lang.String)[pri:0, instance:com.exigen.shegula.tests.LyceumTestProfile@369ef286]" name="launchBrowser" is-config="true" duration-ms="3803" started-at="2013-12-14T20:12:46Z" finished-at="2013-12-14T20:12:50Z">
          <params>
            <param index="0">
              <value>
                <![CDATA[FF]]>
              </value>
            </param>
          </params>
          <reporter-output>
          </reporter-output>
        </test-method> <!-- launchBrowser -->
        <test-method status="PASS" signature="testSignOutPupil()[pri:0, instance:com.exigen.shegula.tests.LyceumTestProfile@369ef286]" name="testSignOutPupil" duration-ms="2126" started-at="2013-12-14T20:12:50Z" finished-at="2013-12-14T20:12:52Z">
          <reporter-output>
          </reporter-output>
        </test-method> <!-- testSignOutPupil -->
        <test-method status="PASS" signature="tearDown()[pri:0, instance:com.exigen.shegula.tests.LyceumTestProfile@369ef286]" name="tearDown" is-config="true" duration-ms="171" started-at="2013-12-14T20:12:52Z" finished-at="2013-12-14T20:12:52Z">
          <reporter-output>
          </reporter-output>
        </test-method> <!-- tearDown -->
      </class> <!-- com.exigen.shegula.tests.LyceumTestProfile -->
    </test> <!-- testSignOutPupil -->
  </suite> <!-- DS suite -->
</testng-results>
