<?xml version="1.0" encoding="UTF-8"?>
<!-- Generated by org.testng.reporters.JUnitXMLReporter -->
<testsuite hostname="Oleg-PC" name="testSetEngLang2Pupil" tests="37" failures="2" timestamp="14 Dec 2013 18:46:05 GMT" time="41.862" errors="0">
  <testcase name="@AfterMethod tearDown" time="0.0" classname="com.exigen.shegula.tests.LyceumTestProfile">
    <failure type="org.openqa.selenium.remote.UnreachableBrowserException" message="Error communicating with the remote browser. It may have died.
Build info: version: &amp;apos;2.37.0&amp;apos;, revision: &amp;apos;a7c61cbd68657e133ae96672cf995890bad2ee42&amp;apos;, time: &amp;apos;2013-10-18 09:51:02&amp;apos;
System info: host: &amp;apos;Oleg-PC&amp;apos;, ip: &amp;apos;192.168.56.1&amp;apos;, os.name: &amp;apos;Windows 7&amp;apos;, os.arch: &amp;apos;amd64&amp;apos;, os.version: &amp;apos;6.1&amp;apos;, java.version: &amp;apos;1.7.0_45&amp;apos;
Driver info: driver.version: RemoteWebDriver">
      <![CDATA[org.openqa.selenium.remote.UnreachableBrowserException: Error communicating with the remote browser. It may have died.
Build info: version: '2.37.0', revision: 'a7c61cbd68657e133ae96672cf995890bad2ee42', time: '2013-10-18 09:51:02'
System info: host: 'Oleg-PC', ip: '192.168.56.1', os.name: 'Windows 7', os.arch: 'amd64', os.version: '6.1', java.version: '1.7.0_45'
Driver info: driver.version: RemoteWebDriver
	at org.openqa.selenium.remote.RemoteWebDriver.execute(RemoteWebDriver.java:548)
	at org.openqa.selenium.remote.RemoteWebDriver.execute(RemoteWebDriver.java:569)
	at org.openqa.selenium.remote.RemoteWebDriver$RemoteWebDriverOptions.deleteAllCookies(RemoteWebDriver.java:639)
	at com.exigen.shegula.util.Base.tearDown(Base.java:37)
	at sun.reflect.GeneratedMethodAccessor13.invoke(Unknown Source)
	at sun.reflect.DelegatingMethodAccessorImpl.invoke(DelegatingMethodAccessorImpl.java:43)
	at java.lang.reflect.Method.invoke(Method.java:606)
	at org.testng.internal.MethodInvocationHelper.invokeMethod(MethodInvocationHelper.java:84)
	at org.testng.internal.Invoker.invokeConfigurationMethod(Invoker.java:564)
	at org.testng.internal.Invoker.invokeConfigurations(Invoker.java:213)
	at org.testng.internal.Invoker.invokeMethod(Invoker.java:786)
	at org.testng.internal.Invoker.invokeTestMethod(Invoker.java:901)
	at org.testng.internal.Invoker.invokeTestMethods(Invoker.java:1231)
	at org.testng.internal.TestMethodWorker.invokeTestMethods(TestMethodWorker.java:127)
	at org.testng.internal.TestMethodWorker.run(TestMethodWorker.java:111)
	at org.testng.TestRunner.privateRun(TestRunner.java:767)
	at org.testng.TestRunner.run(TestRunner.java:617)
	at org.testng.SuiteRunner.runTest(SuiteRunner.java:334)
	at org.testng.SuiteRunner.runSequentially(SuiteRunner.java:329)
	at org.testng.SuiteRunner.privateRun(SuiteRunner.java:291)
	at org.testng.SuiteRunner.run(SuiteRunner.java:240)
	at org.testng.SuiteRunnerWorker.runSuite(SuiteRunnerWorker.java:52)
	at org.testng.SuiteRunnerWorker.run(SuiteRunnerWorker.java:86)
	at org.testng.TestNG.runSuitesSequentially(TestNG.java:1224)
	at org.testng.TestNG.runSuitesLocally(TestNG.java:1149)
	at org.testng.TestNG.run(TestNG.java:1057)
	at org.apache.maven.surefire.testng.TestNGExecutor.run(TestNGExecutor.java:217)
	at org.apache.maven.surefire.testng.TestNGXmlTestSuite.execute(TestNGXmlTestSuite.java:84)
	at org.apache.maven.surefire.testng.TestNGProvider.invoke(TestNGProvider.java:92)
	at org.apache.maven.surefire.booter.ForkedBooter.invokeProviderInSameClassLoader(ForkedBooter.java:200)
	at org.apache.maven.surefire.booter.ForkedBooter.runSuitesInProcess(ForkedBooter.java:153)
	at org.apache.maven.surefire.booter.ForkedBooter.main(ForkedBooter.java:103)
Caused by: java.net.ConnectException: Connection refused: connect
	at java.net.DualStackPlainSocketImpl.waitForConnect(Native Method)
	at java.net.DualStackPlainSocketImpl.socketConnect(DualStackPlainSocketImpl.java:85)
	at java.net.AbstractPlainSocketImpl.doConnect(AbstractPlainSocketImpl.java:339)
	at java.net.AbstractPlainSocketImpl.connectToAddress(AbstractPlainSocketImpl.java:200)
	at java.net.AbstractPlainSocketImpl.connect(AbstractPlainSocketImpl.java:182)
	at java.net.PlainSocketImpl.connect(PlainSocketImpl.java:172)
	at java.net.SocksSocketImpl.connect(SocksSocketImpl.java:392)
	at java.net.Socket.connect(Socket.java:579)
	at org.apache.http.conn.scheme.PlainSocketFactory.connectSocket(PlainSocketFactory.java:117)
	at org.apache.http.impl.conn.DefaultClientConnectionOperator.openConnection(DefaultClientConnectionOperator.java:178)
	at org.apache.http.impl.conn.AbstractPoolEntry.open(AbstractPoolEntry.java:144)
	at org.apache.http.impl.conn.AbstractPooledConnAdapter.open(AbstractPooledConnAdapter.java:131)
	at org.apache.http.impl.client.DefaultRequestDirector.tryConnect(DefaultRequestDirector.java:610)
	at org.apache.http.impl.client.DefaultRequestDirector.execute(DefaultRequestDirector.java:445)
	at org.apache.http.impl.client.AbstractHttpClient.doExecute(AbstractHttpClient.java:863)
	at org.apache.http.impl.client.CloseableHttpClient.execute(CloseableHttpClient.java:72)
	at org.apache.http.impl.client.CloseableHttpClient.execute(CloseableHttpClient.java:57)
	at org.openqa.selenium.remote.HttpCommandExecutor.fallBackExecute(HttpCommandExecutor.java:319)
	at org.openqa.selenium.remote.HttpCommandExecutor.execute(HttpCommandExecutor.java:298)
	at org.openqa.selenium.firefox.internal.NewProfileExtensionConnection.execute(NewProfileExtensionConnection.java:145)
	at org.openqa.selenium.firefox.FirefoxDriver$LazyCommandExecutor.execute(FirefoxDriver.java:366)
	at org.openqa.selenium.remote.RemoteWebDriver.execute(RemoteWebDriver.java:527)
	... 31 more
]]>
    </failure>
  </testcase> <!-- @AfterMethod tearDown -->
  <testcase name="@BeforeMethod launchBrowser" time="0.0" classname="com.exigen.shegula.tests.LyceumTestProfile">
    <skipped/>
  </testcase> <!-- @BeforeMethod launchBrowser -->
  <testcase name="@AfterMethod tearDown" time="0.0" classname="com.exigen.shegula.tests.LyceumTestProfile">
    <skipped/>
  </testcase> <!-- @AfterMethod tearDown -->
  <testcase name="@BeforeMethod launchBrowser" time="0.0" classname="com.exigen.shegula.tests.LyceumTestProfile">
    <skipped/>
  </testcase> <!-- @BeforeMethod launchBrowser -->
  <testcase name="@AfterMethod tearDown" time="0.0" classname="com.exigen.shegula.tests.LyceumTestProfile">
    <skipped/>
  </testcase> <!-- @AfterMethod tearDown -->
  <testcase name="@BeforeMethod launchBrowser" time="0.0" classname="com.exigen.shegula.tests.LyceumTestProfile">
    <skipped/>
  </testcase> <!-- @BeforeMethod launchBrowser -->
  <testcase name="@AfterMethod tearDown" time="0.0" classname="com.exigen.shegula.tests.LyceumTestProfile">
    <skipped/>
  </testcase> <!-- @AfterMethod tearDown -->
  <testcase name="@BeforeMethod launchBrowser" time="0.0" classname="com.exigen.shegula.tests.LyceumTestProfile">
    <skipped/>
  </testcase> <!-- @BeforeMethod launchBrowser -->
  <testcase name="@AfterMethod tearDown" time="0.0" classname="com.exigen.shegula.tests.LyceumTestProfile">
    <skipped/>
  </testcase> <!-- @AfterMethod tearDown -->
  <testcase name="@BeforeMethod launchBrowser" time="0.0" classname="com.exigen.shegula.tests.LyceumTestProfile">
    <skipped/>
  </testcase> <!-- @BeforeMethod launchBrowser -->
  <testcase name="@AfterMethod tearDown" time="0.0" classname="com.exigen.shegula.tests.LyceumTestProfile">
    <skipped/>
  </testcase> <!-- @AfterMethod tearDown -->
  <testcase name="@BeforeMethod launchBrowser" time="0.0" classname="com.exigen.shegula.tests.LyceumTestProfile">
    <skipped/>
  </testcase> <!-- @BeforeMethod launchBrowser -->
  <testcase name="@AfterMethod tearDown" time="0.0" classname="com.exigen.shegula.tests.LyceumTestProfile">
    <skipped/>
  </testcase> <!-- @AfterMethod tearDown -->
  <testcase name="@BeforeMethod launchBrowser" time="0.0" classname="com.exigen.shegula.tests.LyceumTestProfile">
    <skipped/>
  </testcase> <!-- @BeforeMethod launchBrowser -->
  <testcase name="@AfterMethod tearDown" time="0.0" classname="com.exigen.shegula.tests.LyceumTestProfile">
    <skipped/>
  </testcase> <!-- @AfterMethod tearDown -->
  <testcase name="@BeforeMethod launchBrowser" time="0.0" classname="com.exigen.shegula.tests.LyceumTestProfile">
    <skipped/>
  </testcase> <!-- @BeforeMethod launchBrowser -->
  <testcase name="@AfterMethod tearDown" time="0.0" classname="com.exigen.shegula.tests.LyceumTestProfile">
    <skipped/>
  </testcase> <!-- @AfterMethod tearDown -->
  <testcase name="@BeforeMethod launchBrowser" time="0.0" classname="com.exigen.shegula.tests.LyceumTestProfile">
    <skipped/>
  </testcase> <!-- @BeforeMethod launchBrowser -->
  <testcase name="@AfterMethod tearDown" time="0.0" classname="com.exigen.shegula.tests.LyceumTestProfile">
    <skipped/>
  </testcase> <!-- @AfterMethod tearDown -->
  <testcase name="@BeforeMethod launchBrowser" time="0.0" classname="com.exigen.shegula.tests.LyceumTestProfile">
    <skipped/>
  </testcase> <!-- @BeforeMethod launchBrowser -->
  <testcase name="@AfterMethod tearDown" time="0.0" classname="com.exigen.shegula.tests.LyceumTestProfile">
    <skipped/>
  </testcase> <!-- @AfterMethod tearDown -->
  <testcase name="@BeforeMethod launchBrowser" time="0.0" classname="com.exigen.shegula.tests.LyceumTestProfile">
    <skipped/>
  </testcase> <!-- @BeforeMethod launchBrowser -->
  <testcase name="@AfterMethod tearDown" time="0.0" classname="com.exigen.shegula.tests.LyceumTestProfile">
    <skipped/>
  </testcase> <!-- @AfterMethod tearDown -->
  <testcase name="@BeforeMethod launchBrowser" time="0.0" classname="com.exigen.shegula.tests.LyceumTestProfile">
    <skipped/>
  </testcase> <!-- @BeforeMethod launchBrowser -->
  <testcase name="@AfterMethod tearDown" time="0.0" classname="com.exigen.shegula.tests.LyceumTestProfile">
    <skipped/>
  </testcase> <!-- @AfterMethod tearDown -->
  <testcase name="@BeforeMethod launchBrowser" time="0.0" classname="com.exigen.shegula.tests.LyceumTestProfile">
    <skipped/>
  </testcase> <!-- @BeforeMethod launchBrowser -->
  <testcase name="@AfterMethod tearDown" time="0.0" classname="com.exigen.shegula.tests.LyceumTestProfile">
    <skipped/>
  </testcase> <!-- @AfterMethod tearDown -->
  <testcase name="@BeforeMethod launchBrowser" time="0.0" classname="com.exigen.shegula.tests.LyceumTestProfile">
    <skipped/>
  </testcase> <!-- @BeforeMethod launchBrowser -->
  <testcase name="@AfterMethod tearDown" time="0.0" classname="com.exigen.shegula.tests.LyceumTestProfile">
    <skipped/>
  </testcase> <!-- @AfterMethod tearDown -->
  <testcase name="@BeforeMethod launchBrowser" time="0.0" classname="com.exigen.shegula.tests.LyceumTestProfile">
    <skipped/>
  </testcase> <!-- @BeforeMethod launchBrowser -->
  <testcase name="@AfterMethod tearDown" time="0.0" classname="com.exigen.shegula.tests.LyceumTestProfile">
    <skipped/>
  </testcase> <!-- @AfterMethod tearDown -->
  <testcase name="@BeforeMethod launchBrowser" time="0.0" classname="com.exigen.shegula.tests.LyceumTestProfile">
    <skipped/>
  </testcase> <!-- @BeforeMethod launchBrowser -->
  <testcase name="@AfterMethod tearDown" time="0.0" classname="com.exigen.shegula.tests.LyceumTestProfile">
    <skipped/>
  </testcase> <!-- @AfterMethod tearDown -->
  <testcase name="@BeforeMethod launchBrowser" time="0.0" classname="com.exigen.shegula.tests.LyceumTestProfile">
    <skipped/>
  </testcase> <!-- @BeforeMethod launchBrowser -->
  <testcase name="@AfterMethod tearDown" time="0.0" classname="com.exigen.shegula.tests.LyceumTestProfile">
    <skipped/>
  </testcase> <!-- @AfterMethod tearDown -->
  <testcase name="@BeforeMethod launchBrowser" time="0.0" classname="com.exigen.shegula.tests.LyceumTestProfile">
    <skipped/>
  </testcase> <!-- @BeforeMethod launchBrowser -->
  <testcase name="@AfterMethod tearDown" time="0.0" classname="com.exigen.shegula.tests.LyceumTestProfile">
    <skipped/>
  </testcase> <!-- @AfterMethod tearDown -->
  <testcase name="@BeforeMethod launchBrowser" time="0.0" classname="com.exigen.shegula.tests.LyceumTestProfile">
    <skipped/>
  </testcase> <!-- @BeforeMethod launchBrowser -->
  <testcase name="@AfterMethod tearDown" time="0.0" classname="com.exigen.shegula.tests.LyceumTestProfile">
    <skipped/>
  </testcase> <!-- @AfterMethod tearDown -->
  <testcase name="@BeforeMethod launchBrowser" time="0.0" classname="com.exigen.shegula.tests.LyceumTestProfile">
    <skipped/>
  </testcase> <!-- @BeforeMethod launchBrowser -->
  <testcase name="@AfterMethod tearDown" time="0.0" classname="com.exigen.shegula.tests.LyceumTestProfile">
    <skipped/>
  </testcase> <!-- @AfterMethod tearDown -->
  <testcase name="@BeforeMethod launchBrowser" time="0.0" classname="com.exigen.shegula.tests.LyceumTestProfile">
    <skipped/>
  </testcase> <!-- @BeforeMethod launchBrowser -->
  <testcase name="@AfterMethod tearDown" time="0.0" classname="com.exigen.shegula.tests.LyceumTestProfile">
    <skipped/>
  </testcase> <!-- @AfterMethod tearDown -->
  <testcase name="@BeforeMethod launchBrowser" time="0.0" classname="com.exigen.shegula.tests.LyceumTestProfile">
    <skipped/>
  </testcase> <!-- @BeforeMethod launchBrowser -->
  <testcase name="@AfterMethod tearDown" time="0.0" classname="com.exigen.shegula.tests.LyceumTestProfile">
    <skipped/>
  </testcase> <!-- @AfterMethod tearDown -->
  <testcase name="@BeforeMethod launchBrowser" time="0.0" classname="com.exigen.shegula.tests.LyceumTestProfile">
    <skipped/>
  </testcase> <!-- @BeforeMethod launchBrowser -->
  <testcase name="@AfterMethod tearDown" time="0.0" classname="com.exigen.shegula.tests.LyceumTestProfile">
    <skipped/>
  </testcase> <!-- @AfterMethod tearDown -->
  <testcase name="@BeforeMethod launchBrowser" time="0.0" classname="com.exigen.shegula.tests.LyceumTestProfile">
    <skipped/>
  </testcase> <!-- @BeforeMethod launchBrowser -->
  <testcase name="@AfterMethod tearDown" time="0.0" classname="com.exigen.shegula.tests.LyceumTestProfile">
    <skipped/>
  </testcase> <!-- @AfterMethod tearDown -->
  <testcase name="@BeforeMethod launchBrowser" time="0.0" classname="com.exigen.shegula.tests.LyceumTestProfile">
    <skipped/>
  </testcase> <!-- @BeforeMethod launchBrowser -->
  <testcase name="@AfterMethod tearDown" time="0.0" classname="com.exigen.shegula.tests.LyceumTestProfile">
    <skipped/>
  </testcase> <!-- @AfterMethod tearDown -->
  <testcase name="@BeforeMethod launchBrowser" time="0.0" classname="com.exigen.shegula.tests.LyceumTestProfile">
    <skipped/>
  </testcase> <!-- @BeforeMethod launchBrowser -->
  <testcase name="@AfterMethod tearDown" time="0.0" classname="com.exigen.shegula.tests.LyceumTestProfile">
    <skipped/>
  </testcase> <!-- @AfterMethod tearDown -->
  <testcase name="@BeforeMethod launchBrowser" time="0.0" classname="com.exigen.shegula.tests.LyceumTestProfile">
    <skipped/>
  </testcase> <!-- @BeforeMethod launchBrowser -->
  <testcase name="@AfterMethod tearDown" time="0.0" classname="com.exigen.shegula.tests.LyceumTestProfile">
    <skipped/>
  </testcase> <!-- @AfterMethod tearDown -->
  <testcase name="@BeforeMethod launchBrowser" time="0.0" classname="com.exigen.shegula.tests.LyceumTestProfile">
    <skipped/>
  </testcase> <!-- @BeforeMethod launchBrowser -->
  <testcase name="@AfterMethod tearDown" time="0.0" classname="com.exigen.shegula.tests.LyceumTestProfile">
    <skipped/>
  </testcase> <!-- @AfterMethod tearDown -->
  <testcase name="@BeforeMethod launchBrowser" time="0.0" classname="com.exigen.shegula.tests.LyceumTestProfile">
    <skipped/>
  </testcase> <!-- @BeforeMethod launchBrowser -->
  <testcase name="@AfterMethod tearDown" time="0.0" classname="com.exigen.shegula.tests.LyceumTestProfile">
    <skipped/>
  </testcase> <!-- @AfterMethod tearDown -->
  <testcase name="@BeforeMethod launchBrowser" time="0.0" classname="com.exigen.shegula.tests.LyceumTestProfile">
    <skipped/>
  </testcase> <!-- @BeforeMethod launchBrowser -->
  <testcase name="@AfterMethod tearDown" time="0.0" classname="com.exigen.shegula.tests.LyceumTestProfile">
    <skipped/>
  </testcase> <!-- @AfterMethod tearDown -->
  <testcase name="@BeforeMethod launchBrowser" time="0.0" classname="com.exigen.shegula.tests.LyceumTestProfile">
    <skipped/>
  </testcase> <!-- @BeforeMethod launchBrowser -->
  <testcase name="@AfterMethod tearDown" time="0.0" classname="com.exigen.shegula.tests.LyceumTestProfile">
    <skipped/>
  </testcase> <!-- @AfterMethod tearDown -->
  <testcase name="@BeforeMethod launchBrowser" time="0.0" classname="com.exigen.shegula.tests.LyceumTestProfile">
    <skipped/>
  </testcase> <!-- @BeforeMethod launchBrowser -->
  <testcase name="@AfterMethod tearDown" time="0.0" classname="com.exigen.shegula.tests.LyceumTestProfile">
    <skipped/>
  </testcase> <!-- @AfterMethod tearDown -->
  <testcase name="testAppeatenceOfBlockAboutProfilePupil" time="1.634" classname="com.exigen.shegula.tests.LyceumTestProfile"/>
  <testcase name="testAuthenticationPupil" time="1.726" classname="com.exigen.shegula.tests.LyceumTestProfile"/>
  <testcase name="testCheckLinks2Pupil" time="1.61" classname="com.exigen.shegula.tests.LyceumTestProfile"/>
  <testcase name="testCheckLinksPupil" time="1.58" classname="com.exigen.shegula.tests.LyceumTestProfile">
    <failure type="java.lang.AssertionError" message="expected [true] but found [false]">
      <![CDATA[java.lang.AssertionError: expected [true] but found [false]
	at org.testng.Assert.fail(Assert.java:94)
	at org.testng.Assert.failNotEquals(Assert.java:494)
	at org.testng.Assert.assertTrue(Assert.java:42)
	at org.testng.Assert.assertTrue(Assert.java:52)
	at com.exigen.shegula.tests.LyceumTestProfile.testCheckLinksPupil(LyceumTestProfile.java:331)
	at sun.reflect.NativeMethodAccessorImpl.invoke0(Native Method)
	at sun.reflect.NativeMethodAccessorImpl.invoke(NativeMethodAccessorImpl.java:57)
	at sun.reflect.DelegatingMethodAccessorImpl.invoke(DelegatingMethodAccessorImpl.java:43)
	at java.lang.reflect.Method.invoke(Method.java:606)
	at org.testng.internal.MethodInvocationHelper.invokeMethod(MethodInvocationHelper.java:84)
	at org.testng.internal.Invoker.invokeMethod(Invoker.java:714)
	at org.testng.internal.Invoker.invokeTestMethod(Invoker.java:901)
	at org.testng.internal.Invoker.invokeTestMethods(Invoker.java:1231)
	at org.testng.internal.TestMethodWorker.invokeTestMethods(TestMethodWorker.java:127)
	at org.testng.internal.TestMethodWorker.run(TestMethodWorker.java:111)
	at org.testng.TestRunner.privateRun(TestRunner.java:767)
	at org.testng.TestRunner.run(TestRunner.java:617)
	at org.testng.SuiteRunner.runTest(SuiteRunner.java:334)
	at org.testng.SuiteRunner.runSequentially(SuiteRunner.java:329)
	at org.testng.SuiteRunner.privateRun(SuiteRunner.java:291)
	at org.testng.SuiteRunner.run(SuiteRunner.java:240)
	at org.testng.SuiteRunnerWorker.runSuite(SuiteRunnerWorker.java:52)
	at org.testng.SuiteRunnerWorker.run(SuiteRunnerWorker.java:86)
	at org.testng.TestNG.runSuitesSequentially(TestNG.java:1224)
	at org.testng.TestNG.runSuitesLocally(TestNG.java:1149)
	at org.testng.TestNG.run(TestNG.java:1057)
	at org.apache.maven.surefire.testng.TestNGExecutor.run(TestNGExecutor.java:217)
	at org.apache.maven.surefire.testng.TestNGXmlTestSuite.execute(TestNGXmlTestSuite.java:84)
	at org.apache.maven.surefire.testng.TestNGProvider.invoke(TestNGProvider.java:92)
	at org.apache.maven.surefire.booter.ForkedBooter.invokeProviderInSameClassLoader(ForkedBooter.java:200)
	at org.apache.maven.surefire.booter.ForkedBooter.runSuitesInProcess(ForkedBooter.java:153)
	at org.apache.maven.surefire.booter.ForkedBooter.main(ForkedBooter.java:103)
]]>
    </failure>
  </testcase> <!-- testCheckLinksPupil -->
  <testcase name="testContactsSubmenuPupil" time="13.368" classname="com.exigen.shegula.tests.LyceumTestProfile">
    <failure type="org.openqa.selenium.remote.UnreachableBrowserException" message="Error communicating with the remote browser. It may have died.
Build info: version: &amp;apos;2.37.0&amp;apos;, revision: &amp;apos;a7c61cbd68657e133ae96672cf995890bad2ee42&amp;apos;, time: &amp;apos;2013-10-18 09:51:02&amp;apos;
System info: host: &amp;apos;Oleg-PC&amp;apos;, ip: &amp;apos;192.168.56.1&amp;apos;, os.name: &amp;apos;Windows 7&amp;apos;, os.arch: &amp;apos;amd64&amp;apos;, os.version: &amp;apos;6.1&amp;apos;, java.version: &amp;apos;1.7.0_45&amp;apos;
Driver info: driver.version: RemoteWebDriver">
      <![CDATA[org.openqa.selenium.remote.UnreachableBrowserException: Error communicating with the remote browser. It may have died.
Build info: version: '2.37.0', revision: 'a7c61cbd68657e133ae96672cf995890bad2ee42', time: '2013-10-18 09:51:02'
System info: host: 'Oleg-PC', ip: '192.168.56.1', os.name: 'Windows 7', os.arch: 'amd64', os.version: '6.1', java.version: '1.7.0_45'
Driver info: driver.version: RemoteWebDriver
	at org.openqa.selenium.remote.RemoteWebDriver.execute(RemoteWebDriver.java:548)
	at org.openqa.selenium.remote.RemoteWebDriver.findElement(RemoteWebDriver.java:307)
	at org.openqa.selenium.remote.RemoteWebDriver.findElementByXPath(RemoteWebDriver.java:404)
	at org.openqa.selenium.By$ByXPath.findElement(By.java:363)
	at org.openqa.selenium.remote.RemoteWebDriver.findElement(RemoteWebDriver.java:299)
	at com.exigen.shegula.MainDashboardPage.checkContactsSubmenu(MainDashboardPage.java:238)
	at com.exigen.shegula.tests.LyceumTestProfile.testContactsSubmenuPupil(LyceumTestProfile.java:783)
	at sun.reflect.NativeMethodAccessorImpl.invoke0(Native Method)
	at sun.reflect.NativeMethodAccessorImpl.invoke(NativeMethodAccessorImpl.java:57)
	at sun.reflect.DelegatingMethodAccessorImpl.invoke(DelegatingMethodAccessorImpl.java:43)
	at java.lang.reflect.Method.invoke(Method.java:606)
	at org.testng.internal.MethodInvocationHelper.invokeMethod(MethodInvocationHelper.java:84)
	at org.testng.internal.Invoker.invokeMethod(Invoker.java:714)
	at org.testng.internal.Invoker.invokeTestMethod(Invoker.java:901)
	at org.testng.internal.Invoker.invokeTestMethods(Invoker.java:1231)
	at org.testng.internal.TestMethodWorker.invokeTestMethods(TestMethodWorker.java:127)
	at org.testng.internal.TestMethodWorker.run(TestMethodWorker.java:111)
	at org.testng.TestRunner.privateRun(TestRunner.java:767)
	at org.testng.TestRunner.run(TestRunner.java:617)
	at org.testng.SuiteRunner.runTest(SuiteRunner.java:334)
	at org.testng.SuiteRunner.runSequentially(SuiteRunner.java:329)
	at org.testng.SuiteRunner.privateRun(SuiteRunner.java:291)
	at org.testng.SuiteRunner.run(SuiteRunner.java:240)
	at org.testng.SuiteRunnerWorker.runSuite(SuiteRunnerWorker.java:52)
	at org.testng.SuiteRunnerWorker.run(SuiteRunnerWorker.java:86)
	at org.testng.TestNG.runSuitesSequentially(TestNG.java:1224)
	at org.testng.TestNG.runSuitesLocally(TestNG.java:1149)
	at org.testng.TestNG.run(TestNG.java:1057)
	at org.apache.maven.surefire.testng.TestNGExecutor.run(TestNGExecutor.java:217)
	at org.apache.maven.surefire.testng.TestNGXmlTestSuite.execute(TestNGXmlTestSuite.java:84)
	at org.apache.maven.surefire.testng.TestNGProvider.invoke(TestNGProvider.java:92)
	at org.apache.maven.surefire.booter.ForkedBooter.invokeProviderInSameClassLoader(ForkedBooter.java:200)
	at org.apache.maven.surefire.booter.ForkedBooter.runSuitesInProcess(ForkedBooter.java:153)
	at org.apache.maven.surefire.booter.ForkedBooter.main(ForkedBooter.java:103)
Caused by: java.net.ConnectException: Connection refused: connect
	at java.net.DualStackPlainSocketImpl.waitForConnect(Native Method)
	at java.net.DualStackPlainSocketImpl.socketConnect(DualStackPlainSocketImpl.java:85)
	at java.net.AbstractPlainSocketImpl.doConnect(AbstractPlainSocketImpl.java:339)
	at java.net.AbstractPlainSocketImpl.connectToAddress(AbstractPlainSocketImpl.java:200)
	at java.net.AbstractPlainSocketImpl.connect(AbstractPlainSocketImpl.java:182)
	at java.net.PlainSocketImpl.connect(PlainSocketImpl.java:172)
	at java.net.SocksSocketImpl.connect(SocksSocketImpl.java:392)
	at java.net.Socket.connect(Socket.java:579)
	at org.apache.http.conn.scheme.PlainSocketFactory.connectSocket(PlainSocketFactory.java:117)
	at org.apache.http.impl.conn.DefaultClientConnectionOperator.openConnection(DefaultClientConnectionOperator.java:178)
	at org.apache.http.impl.conn.AbstractPoolEntry.open(AbstractPoolEntry.java:144)
	at org.apache.http.impl.conn.AbstractPooledConnAdapter.open(AbstractPooledConnAdapter.java:131)
	at org.apache.http.impl.client.DefaultRequestDirector.tryConnect(DefaultRequestDirector.java:610)
	at org.apache.http.impl.client.DefaultRequestDirector.execute(DefaultRequestDirector.java:445)
	at org.apache.http.impl.client.AbstractHttpClient.doExecute(AbstractHttpClient.java:863)
	at org.apache.http.impl.client.CloseableHttpClient.execute(CloseableHttpClient.java:72)
	at org.apache.http.impl.client.CloseableHttpClient.execute(CloseableHttpClient.java:57)
	at org.openqa.selenium.remote.HttpCommandExecutor.fallBackExecute(HttpCommandExecutor.java:337)
	at org.openqa.selenium.remote.HttpCommandExecutor.execute(HttpCommandExecutor.java:298)
	at org.openqa.selenium.firefox.internal.NewProfileExtensionConnection.execute(NewProfileExtensionConnection.java:145)
	at org.openqa.selenium.firefox.FirefoxDriver$LazyCommandExecutor.execute(FirefoxDriver.java:366)
	at org.openqa.selenium.remote.RemoteWebDriver.execute(RemoteWebDriver.java:527)
	... 33 more
]]>
    </failure>
  </testcase> <!-- testContactsSubmenuPupil -->
  <testcase name="testDashboardCirculPupil" time="0.0" classname="com.exigen.shegula.tests.LyceumTestProfile">
    <skipped/>
  </testcase> <!-- testDashboardCirculPupil -->
  <testcase name="testDashboardClassBookPupil" time="0.0" classname="com.exigen.shegula.tests.LyceumTestProfile">
    <skipped/>
  </testcase> <!-- testDashboardClassBookPupil -->
  <testcase name="testDashboardHomeworkPupil" time="0.0" classname="com.exigen.shegula.tests.LyceumTestProfile">
    <skipped/>
  </testcase> <!-- testDashboardHomeworkPupil -->
  <testcase name="testDashboardNewsPupil" time="0.0" classname="com.exigen.shegula.tests.LyceumTestProfile">
    <skipped/>
  </testcase> <!-- testDashboardNewsPupil -->
  <testcase name="testDashboardSchedualPupil" time="0.0" classname="com.exigen.shegula.tests.LyceumTestProfile">
    <skipped/>
  </testcase> <!-- testDashboardSchedualPupil -->
  <testcase name="testEnteranceSubmenuPupil" time="0.0" classname="com.exigen.shegula.tests.LyceumTestProfile">
    <skipped/>
  </testcase> <!-- testEnteranceSubmenuPupil -->
  <testcase name="testMainHeaderExistPupil" time="0.0" classname="com.exigen.shegula.tests.LyceumTestProfile">
    <skipped/>
  </testcase> <!-- testMainHeaderExistPupil -->
  <testcase name="testMainHeaderMainMenuExistPupil" time="0.0" classname="com.exigen.shegula.tests.LyceumTestProfile">
    <skipped/>
  </testcase> <!-- testMainHeaderMainMenuExistPupil -->
  <testcase name="testMainMenuClickPupil" time="0.001" classname="com.exigen.shegula.tests.LyceumTestProfile">
    <skipped/>
  </testcase> <!-- testMainMenuClickPupil -->
  <testcase name="testMenuPanelExistPupil" time="0.0" classname="com.exigen.shegula.tests.LyceumTestProfile">
    <skipped/>
  </testcase> <!-- testMenuPanelExistPupil -->
  <testcase name="testMyLyceumtesSubMenuPupil" time="0.0" classname="com.exigen.shegula.tests.LyceumTestProfile">
    <skipped/>
  </testcase> <!-- testMyLyceumtesSubMenuPupil -->
  <testcase name="testMyOlympiadsSubmenuPupil" time="0.0" classname="com.exigen.shegula.tests.LyceumTestProfile">
    <skipped/>
  </testcase> <!-- testMyOlympiadsSubmenuPupil -->
  <testcase name="testMyTeachersSubmenuPupil" time="0.0" classname="com.exigen.shegula.tests.LyceumTestProfile">
    <skipped/>
  </testcase> <!-- testMyTeachersSubmenuPupil -->
  <testcase name="testSetEngLang" time="0.0" classname="com.exigen.shegula.tests.LyceumTestProfile">
    <skipped/>
  </testcase> <!-- testSetEngLang -->
  <testcase name="testSetEngLang2" time="0.0" classname="com.exigen.shegula.tests.LyceumTestProfile">
    <skipped/>
  </testcase> <!-- testSetEngLang2 -->
  <testcase name="testSetRusLangPupil" time="0.0" classname="com.exigen.shegula.tests.LyceumTestProfile">
    <skipped/>
  </testcase> <!-- testSetRusLangPupil -->
  <testcase name="testSetUkrLangPupil" time="0.0" classname="com.exigen.shegula.tests.LyceumTestProfile">
    <skipped/>
  </testcase> <!-- testSetUkrLangPupil -->
  <testcase name="testSetUpProfilePositive1Pupil" time="0.0" classname="com.exigen.shegula.tests.LyceumTestProfile">
    <skipped/>
  </testcase> <!-- testSetUpProfilePositive1Pupil -->
  <testcase name="testSetUpProfilePositive2Pupil" time="0.0" classname="com.exigen.shegula.tests.LyceumTestProfile">
    <skipped/>
  </testcase> <!-- testSetUpProfilePositive2Pupil -->
  <testcase name="testSetUpProfilePositive3Pupil" time="0.0" classname="com.exigen.shegula.tests.LyceumTestProfile">
    <skipped/>
  </testcase> <!-- testSetUpProfilePositive3Pupil -->
  <testcase name="testSetUpProfilePositive4Pupil" time="0.0" classname="com.exigen.shegula.tests.LyceumTestProfile">
    <skipped/>
  </testcase> <!-- testSetUpProfilePositive4Pupil -->
  <testcase name="testSetUpProfilePositive5Pupil" time="0.0" classname="com.exigen.shegula.tests.LyceumTestProfile">
    <skipped/>
  </testcase> <!-- testSetUpProfilePositive5Pupil -->
  <testcase name="testSetUpProfilePositive6Pupil" time="0.0" classname="com.exigen.shegula.tests.LyceumTestProfile">
    <skipped/>
  </testcase> <!-- testSetUpProfilePositive6Pupil -->
  <testcase name="testSetUpProfilePositive7Pupil" time="0.0" classname="com.exigen.shegula.tests.LyceumTestProfile">
    <skipped/>
  </testcase> <!-- testSetUpProfilePositive7Pupil -->
  <testcase name="testSetUpProfilePositivePupil" time="0.0" classname="com.exigen.shegula.tests.LyceumTestProfile">
    <skipped/>
  </testcase> <!-- testSetUpProfilePositivePupil -->
  <testcase name="testSignOutPupil" time="0.0" classname="com.exigen.shegula.tests.LyceumTestProfile">
    <skipped/>
  </testcase> <!-- testSignOutPupil -->
  <testcase name="testTransitionToEditPagePupil" time="0.0" classname="com.exigen.shegula.tests.LyceumTestProfile">
    <skipped/>
  </testcase> <!-- testTransitionToEditPagePupil -->
  <testcase name="testTransitionToTheAllMenuFromSchedulePagePupil" time="0.0" classname="com.exigen.shegula.tests.LyceumTestProfile">
    <skipped/>
  </testcase> <!-- testTransitionToTheAllMenuFromSchedulePagePupil -->
  <testcase name="testTransitionToTheSchedule2Pupil" time="0.0" classname="com.exigen.shegula.tests.LyceumTestProfile">
    <skipped/>
  </testcase> <!-- testTransitionToTheSchedule2Pupil -->
  <testcase name="testTransitionToTheSchedulePupil" time="0.0" classname="com.exigen.shegula.tests.LyceumTestProfile">
    <skipped/>
  </testcase> <!-- testTransitionToTheSchedulePupil -->
  <testcase name="testTransitionToViewPageByNamePupil" time="0.0" classname="com.exigen.shegula.tests.LyceumTestProfile">
    <skipped/>
  </testcase> <!-- testTransitionToViewPageByNamePupil -->
  <testcase name="testTransitionToViewPagePhotoClickPupil" time="0.0" classname="com.exigen.shegula.tests.LyceumTestProfile">
    <skipped/>
  </testcase> <!-- testTransitionToViewPagePhotoClickPupil -->
</testsuite> <!-- testSetEngLang2Pupil -->
